info: ::1 - - [25/Feb/2022:10:15:40 +0000] "POST /api/v1/note HTTP/1.1" 201 286 "-" "PostmanRuntime/7.28.4"

info: ::1 - - [25/Feb/2022:10:15:50 +0000] "GET /api/v1/note HTTP/1.1" 500 76 "-" "PostmanRuntime/7.28.4"

info: ::1 - - [25/Feb/2022:10:17:05 +0000] "GET /api/v1/note HTTP/1.1" 500 76 "-" "PostmanRuntime/7.28.4"

info: ::1 - - [25/Feb/2022:10:17:33 +0000] "GET /api/v1/note HTTP/1.1" 200 1888 "-" "PostmanRuntime/7.28.4"

info: ::1 - - [25/Feb/2022:10:29:43 +0000] "GET /api/v1/note?_id=6218ac4cf1dc033dab1be8a7 HTTP/1.1" 200 1888 "-" "PostmanRuntime/7.28.4"

info: ::1 - - [25/Feb/2022:10:29:52 +0000] "GET /api/v1/note?_id=6218ac4cf1dc033dab1be8a7 HTTP/1.1" 200 1888 "-" "PostmanRuntime/7.28.4"

info: ::1 - - [25/Feb/2022:10:29:53 +0000] "GET /api/v1/note?_id=6218ac4cf1dc033dab1be8a7 HTTP/1.1" 200 1888 "-" "PostmanRuntime/7.28.4"

info: ::1 - - [25/Feb/2022:10:30:01 +0000] "GET /api/v1/note?noteid=6218ac4cf1dc033dab1be8a7 HTTP/1.1" 200 1888 "-" "PostmanRuntime/7.28.4"

info: ::1 - - [25/Feb/2022:10:30:46 +0000] "GET /api/v1/note/6218ac4cf1dc033dab1be8a7 HTTP/1.1" 200 62 "-" "PostmanRuntime/7.28.4"

info: ::1 - - [25/Feb/2022:10:31:20 +0000] "GET /api/v1/note/621612d4838731e208d1edf0 HTTP/1.1" 200 62 "-" "PostmanRuntime/7.28.4"

info: ::1 - - [25/Feb/2022:10:31:42 +0000] "GET /api/v1/note/621612d4838731e208d1edf0 HTTP/1.1" 200 247 "-" "PostmanRuntime/7.28.4"

info: ::1 - - [25/Feb/2022:10:45:48 +0000] "PUT /api/v1/note/621612d4838731e208d1edf0 HTTP/1.1" 500 61 "-" "PostmanRuntime/7.28.4"

info: ::1 - - [25/Feb/2022:10:46:12 +0000] "PUT /api/v1/note/621612d4838731e208d1edf0 HTTP/1.1" 500 61 "-" "PostmanRuntime/7.28.4"

info: ::1 - - [25/Feb/2022:10:46:25 +0000] "PUT /api/v1/note/621612d4838731e208d1edf0 HTTP/1.1" 500 160 "-" "PostmanRuntime/7.28.4"

info: ::1 - - [25/Feb/2022:10:47:29 +0000] "PUT /api/v1/note/621612d4838731e208d1edf0 HTTP/1.1" 202 264 "-" "PostmanRuntime/7.28.4"

info: ::1 - - [25/Feb/2022:10:47:41 +0000] "PUT /api/v1/note/621612d4838731e208d1edf0 HTTP/1.1" 202 266 "-" "PostmanRuntime/7.28.4"

info: ::1 - - [25/Feb/2022:10:56:21 +0000] "DELETE /api/v1/note/621612d4838731e208d1edf0 HTTP/1.1" 200 55 "-" "PostmanRuntime/7.28.4"

info: ::1 - - [25/Feb/2022:12:12:42 +0000] "PUT /api/v1/note/isarchive/621612d4838731e208d1edf0 HTTP/1.1" 404 47 "-" "PostmanRuntime/7.28.4"

info: ::1 - - [25/Feb/2022:12:13:11 +0000] "PUT /api/v1/note/isarchive/621612d4838731e208d1edf0 HTTP/1.1" 500 76 "-" "PostmanRuntime/7.28.4"

info: ::1 - - [25/Feb/2022:12:14:32 +0000] "PUT /api/v1/note/isarchive/621612d4838731e208d1edf0 HTTP/1.1" 500 76 "-" "PostmanRuntime/7.28.4"

info: ::1 - - [25/Feb/2022:12:15:24 +0000] "PUT /api/v1/note/isarchive/621612d4838731e208d1edf0 HTTP/1.1" 200 57 "-" "PostmanRuntime/7.28.4"

info: ::1 - - [25/Feb/2022:12:16:19 +0000] "PUT /api/v1/note/isarchive/621612d4838731e208d1edf0 HTTP/1.1" 200 58 "-" "PostmanRuntime/7.28.4"

info: ::1 - - [25/Feb/2022:12:17:26 +0000] "PUT /api/v1/note/isarchive/621612d4838731e208d1edf0 HTTP/1.1" 200 58 "-" "PostmanRuntime/7.28.4"

info: ::1 - - [25/Feb/2022:12:17:37 +0000] "GET /api/v1/note/621612d4838731e208d1edf0 HTTP/1.1" 200 57 "-" "PostmanRuntime/7.28.4"

info: ::1 - - [25/Feb/2022:12:18:01 +0000] "GET /api/v1/note?_id=6218ac4cf1dc033dab1be8a7 HTTP/1.1" 200 1698 "-" "PostmanRuntime/7.28.4"

info: ::1 - - [25/Feb/2022:12:18:21 +0000] "GET /api/v1/note?_id=6218ac4cf1dc033dab1be8a7 HTTP/1.1" 200 1698 "-" "PostmanRuntime/7.28.4"

info: ::1 - - [25/Feb/2022:12:18:53 +0000] "PUT /api/v1/note/isarchive/621612d4838731e208d1edf0 HTTP/1.1" 200 58 "-" "PostmanRuntime/7.28.4"

info: ::1 - - [25/Feb/2022:12:19:00 +0000] "GET /api/v1/note?_id=6218ac4cf1dc033dab1be8a7 HTTP/1.1" 200 1698 "-" "PostmanRuntime/7.28.4"

info: ::1 - - [25/Feb/2022:12:19:07 +0000] "GET /api/v1/note/621612d4838731e208d1edf0 HTTP/1.1" 200 57 "-" "PostmanRuntime/7.28.4"

info: ::1 - - [25/Feb/2022:12:19:08 +0000] "GET /api/v1/note/621612d4838731e208d1edf0 HTTP/1.1" 200 57 "-" "PostmanRuntime/7.28.4"

info: ::1 - - [25/Feb/2022:12:23:07 +0000] "PUT /api/v1/note/isarchive/621612d4838731e208d1edf0 HTTP/1.1" 200 58 "-" "PostmanRuntime/7.28.4"

info: ::1 - - [25/Feb/2022:12:24:43 +0000] "PUT /api/v1/note/isarchive/6218ac4cf1dc033dab1be8a7 HTTP/1.1" 200 287 "-" "PostmanRuntime/7.28.4"

info: ::1 - - [25/Feb/2022:12:25:29 +0000] "PUT /api/v1/note/isarchive/6218ac4cf1dc033dab1be8a7 HTTP/1.1" 200 305 "-" "PostmanRuntime/7.28.4"

info: ::1 - - [25/Feb/2022:12:33:36 +0000] "PUT /api/v1/note/istrash/6218ac4cf1dc033dab1be8a7 HTTP/1.1" 500 74 "-" "PostmanRuntime/7.28.4"

info: ::1 - - [25/Feb/2022:12:34:20 +0000] "PUT /api/v1/note/istrash/6218ac4cf1dc033dab1be8a7 HTTP/1.1" 200 304 "-" "PostmanRuntime/7.28.4"

info: ::1 - - [25/Feb/2022:13:25:30 +0000] "POST /registration%0A HTTP/1.1" 404 47 "-" "PostmanRuntime/7.28.4"

info: ::1 - - [25/Feb/2022:13:26:39 +0000] "POST /api/v1/users%0A HTTP/1.1" 404 47 "-" "PostmanRuntime/7.28.4"

info: ::1 - - [25/Feb/2022:13:28:30 +0000] "POST /api/v1/users%0A HTTP/1.1" 404 47 "-" "PostmanRuntime/7.28.4"

info: ::1 - - [25/Feb/2022:13:31:08 +0000] "POST /api/v1/users HTTP/1.1" 201 321 "-" "PostmanRuntime/7.28.4"

info: ::1 - - [25/Feb/2022:13:31:54 +0000] "GET /api/v1/users/forgotpassword HTTP/1.1" 404 47 "-" "PostmanRuntime/7.28.4"

info: ::1 - - [25/Feb/2022:13:32:01 +0000] "GET /api/v1/users/forgotpassword HTTP/1.1" 404 47 "-" "PostmanRuntime/7.28.4"

info: ::1 - - [25/Feb/2022:13:32:40 +0000] "POST /api/v1/users/forgotpassword HTTP/1.1" 500 58 "-" "PostmanRuntime/7.28.4"

info: ::1 - - [25/Feb/2022:13:32:50 +0000] "POST /api/v1/users/forgotpassword HTTP/1.1" 500 58 "-" "PostmanRuntime/7.28.4"

info: ::1 - - [25/Feb/2022:13:34:41 +0000] "POST /api/v1/users/forgotpassword HTTP/1.1" 500 59 "-" "PostmanRuntime/7.28.4"

info: ::1 - - [25/Feb/2022:13:35:15 +0000] "POST /api/v1/users/forgotpassword HTTP/1.1" 500 58 "-" "PostmanRuntime/7.28.4"

info: ::1 - - [25/Feb/2022:13:36:13 +0000] "POST /api/v1/users/forgotpassword HTTP/1.1" 500 61 "-" "PostmanRuntime/7.28.4"

info: ::1 - - [25/Feb/2022:13:36:40 +0000] "POST /api/v1/users/forgotpassword HTTP/1.1" 200 46 "-" "PostmanRuntime/7.28.4"

