info: ::1 - - [27/Feb/2022:20:04:33 +0000] "POST /api/v1/users/forgotpassword HTTP/1.1" 200 46 "-" "PostmanRuntime/7.28.4"

info: ::1 - - [27/Feb/2022:20:08:04 +0000] "POST /api/v1/users HTTP/1.1" 201 317 "-" "PostmanRuntime/7.28.4"

info: ::1 - - [27/Feb/2022:20:08:24 +0000] "POST /api/v1/users/login HTTP/1.1" 404 47 "-" "PostmanRuntime/7.28.4"

info: ::1 - - [27/Feb/2022:20:08:31 +0000] "GET /api/v1/users/login HTTP/1.1" 200 247 "-" "PostmanRuntime/7.28.4"

info: ::1 - - [27/Feb/2022:20:09:49 +0000] "POST /api/v1/users/forgotpassword HTTP/1.1" 200 61 "-" "PostmanRuntime/7.28.4"

info: ::1 - - [27/Feb/2022:20:15:23 +0000] "POST /api/v1/users/forgotpassword HTTP/1.1" 200 61 "-" "PostmanRuntime/7.28.4"

info: ::1 - - [27/Feb/2022:20:16:39 +0000] "POST /api/v1/users/forgotpassword HTTP/1.1" 200 61 "-" "PostmanRuntime/7.28.4"

info: ::1 - - [27/Feb/2022:20:16:49 +0000] "GET /eyJhbGciOiJIUzI1NiIsInR5cCI6IkpXVCJ9.eyJlbWFpbCI6IndhZG95YXkzNDZAc3VibWljLmNvbSIsImlkIjoiNjIxYmRhMjRmOWYyODM2YWIxNzYzYjgzIiwiaWF0IjoxNjQ1OTkyOTk5fQ.CZL09V_r48guLdI-KbF2nD_lYvYS_ykZ9ABWs-FooOk HTTP/1.1" 404 47 "-" "Mozilla/5.0 (X11; Linux x86_64) AppleWebKit/537.36 (KHTML, like Gecko) Chrome/98.0.4758.80 Safari/537.36"

info: ::1 - - [27/Feb/2022:20:16:49 +0000] "GET /favicon.ico HTTP/1.1" 404 47 "-" "Mozilla/5.0 (X11; Linux x86_64) AppleWebKit/537.36 (KHTML, like Gecko) Chrome/98.0.4758.80 Safari/537.36"

info: ::1 - - [27/Feb/2022:20:18:50 +0000] "GET /eyJhbGciOiJIUzI1NiIsInR5cCI6IkpXVCJ9.eyJlbWFpbCI6IndhZG95YXkzNDZAc3VibWljLmNvbSIsImlkIjoiNjIxYmRhMjRmOWYyODM2YWIxNzYzYjgzIiwiaWF0IjoxNjQ1OTkyOTk5fQ.CZL09V_r48guLdI-KbF2nD_lYvYS_ykZ9ABWs-FooOk HTTP/1.1" 404 47 "-" "Mozilla/5.0 (X11; Linux x86_64) AppleWebKit/537.36 (KHTML, like Gecko) Chrome/98.0.4758.80 Safari/537.36"

info: ::1 - - [27/Feb/2022:20:22:02 +0000] "POST /api/v1/users/forgotpassword HTTP/1.1" 200 61 "-" "PostmanRuntime/7.28.4"

info: ::1 - - [28/Feb/2022:03:10:36 +0000] "POST /api/v1/users/forgotpassword HTTP/1.1" 200 61 "-" "PostmanRuntime/7.28.4"

info: ::1 - - [28/Feb/2022:09:57:49 +0000] "POST /api/v1/users HTTP/1.1" 500 56 "-" "PostmanRuntime/7.28.4"

info: ::1 - - [28/Feb/2022:09:58:02 +0000] "POST /api/v1/users HTTP/1.1" 201 317 "-" "PostmanRuntime/7.28.4"

info: ::1 - - [28/Feb/2022:09:59:00 +0000] "POST /api/v1/users/forgotpassword/ HTTP/1.1" 200 61 "-" "PostmanRuntime/7.28.4"

info: ::1 - - [28/Feb/2022:10:01:51 +0000] "GET /api/v1/users/login HTTP/1.1" 200 247 "-" "PostmanRuntime/7.28.4"

info: ::1 - - [28/Feb/2022:10:03:03 +0000] "POST /api/v1/users/resetpassword HTTP/1.1" 404 47 "-" "PostmanRuntime/7.28.4"

info: ::1 - - [28/Feb/2022:10:03:09 +0000] "GET /api/v1/users/resetpassword HTTP/1.1" 404 47 "-" "PostmanRuntime/7.28.4"

info: ::1 - - [28/Feb/2022:10:03:32 +0000] "POST /api/v1/users/resetpassword HTTP/1.1" 404 47 "-" "PostmanRuntime/7.28.4"

info: ::1 - - [28/Feb/2022:10:04:03 +0000] "POST /api/v1/users/resetpassword HTTP/1.1" 404 47 "-" "PostmanRuntime/7.28.4"

info: ::1 - - [28/Feb/2022:10:04:13 +0000] "POST /api/v1/users/resetpassword HTTP/1.1" 404 47 "-" "PostmanRuntime/7.28.4"

info: ::1 - - [28/Feb/2022:10:04:21 +0000] "POST /api/v1/users/resetpassword HTTP/1.1" 404 47 "-" "PostmanRuntime/7.28.4"

info: ::1 - - [28/Feb/2022:10:05:10 +0000] "POST /api/v1/users/resetpassword HTTP/1.1" 404 47 "-" "PostmanRuntime/7.28.4"

info: ::1 - - [28/Feb/2022:10:06:32 +0000] "POST /api/v1/users/resetpassword HTTP/1.1" 404 47 "-" "PostmanRuntime/7.28.4"

info: ::1 - - [28/Feb/2022:10:06:43 +0000] "POST /api/v1/users/resetpassword/ HTTP/1.1" 404 47 "-" "PostmanRuntime/7.28.4"

info: ::1 - - [28/Feb/2022:10:07:33 +0000] "POST /api/v1/users/reset HTTP/1.1" 500 67 "-" "PostmanRuntime/7.28.4"

info: ::1 - - [28/Feb/2022:10:08:58 +0000] "POST /api/v1/users/reset HTTP/1.1" 200 333 "-" "PostmanRuntime/7.28.4"

info: ::1 - - [28/Feb/2022:10:09:48 +0000] "POST /api/v1/users/reset HTTP/1.1" 200 59 "-" "PostmanRuntime/7.28.4"

