info: ::1 - - [17/Mar/2022:06:29:56 +0000] "POST /api/v1/note HTTP/1.1" 201 254 "-" "PostmanRuntime/7.28.4"

info: ::1 - - [17/Mar/2022:06:31:53 +0000] "POST /api/v1/note HTTP/1.1" 201 257 "-" "PostmanRuntime/7.28.4"

info: ::1 - - [17/Mar/2022:06:32:15 +0000] "GET /api/v1/note HTTP/1.1" 200 1064 "-" "PostmanRuntime/7.28.4"

info: ::1 - - [17/Mar/2022:06:32:38 +0000] "GET /api/v1/note HTTP/1.1" 200 1081 "-" "PostmanRuntime/7.28.4"

info: ::1 - - [17/Mar/2022:06:32:44 +0000] "POST /api/v1/note HTTP/1.1" 201 259 "-" "PostmanRuntime/7.28.4"

info: ::1 - - [17/Mar/2022:06:32:50 +0000] "GET /api/v1/note HTTP/1.1" 200 1271 "-" "PostmanRuntime/7.28.4"

info: ::1 - - [17/Mar/2022:06:33:27 +0000] "GET /api/v1/note HTTP/1.1" 200 1288 "-" "PostmanRuntime/7.28.4"

info: ::1 - - [17/Mar/2022:06:33:43 +0000] "POST /api/v1/note HTTP/1.1" 201 259 "-" "PostmanRuntime/7.28.4"

info: ::1 - - [17/Mar/2022:06:33:49 +0000] "GET /api/v1/note HTTP/1.1" 200 3157 "-" "PostmanRuntime/7.28.4"

info: ::1 - - [17/Mar/2022:06:37:03 +0000] "GET /api/v1/note/622af6dab800971eaf70f529 HTTP/1.1" 500 176 "-" "PostmanRuntime/7.28.4"

info: ::1 - - [17/Mar/2022:06:37:31 +0000] "GET /api/v1/note/622af6dab800971eaf70f529 HTTP/1.1" 200 253 "-" "PostmanRuntime/7.28.4"

info: ::1 - - [17/Mar/2022:06:40:37 +0000] "DELETE /api/v1/note/622af6dab800971eaf70f529 HTTP/1.1" 500 77 "-" "PostmanRuntime/7.28.4"

info: ::1 - - [17/Mar/2022:06:41:29 +0000] "DELETE /api/v1/note/622af6dab800971eaf70f529 HTTP/1.1" 200 55 "-" "PostmanRuntime/7.28.4"

info: ::1 - - [17/Mar/2022:06:42:42 +0000] "GET /api/v1/note HTTP/1.1" 200 3174 "-" "PostmanRuntime/7.28.4"

info: ::1 - - [17/Mar/2022:06:43:44 +0000] "POST /api/v1/note HTTP/1.1" 201 259 "-" "PostmanRuntime/7.28.4"

info: ::1 - - [17/Mar/2022:06:43:50 +0000] "GET /api/v1/note HTTP/1.1" 200 1484 "-" "PostmanRuntime/7.28.4"

info: ::1 - - [17/Mar/2022:06:45:34 +0000] "PUT /api/v1/note/isarchive/6232d8a0e3a0ad3597039d0a%0A HTTP/1.1" 500 203 "-" "PostmanRuntime/7.28.4"

info: ::1 - - [17/Mar/2022:06:46:26 +0000] "PUT /api/v1/note/isarchive/6232d8a0e3a0ad3597039d0a%0A HTTP/1.1" 500 283 "-" "PostmanRuntime/7.28.4"

info: ::1 - - [17/Mar/2022:06:47:12 +0000] "PUT /api/v1/note/isarchive/6232d8a0e3a0ad3597039d0a%0A HTTP/1.1" 500 281 "-" "PostmanRuntime/7.28.4"

info: ::1 - - [17/Mar/2022:06:48:08 +0000] "PUT /api/v1/note/isarchive/6232d8a0e3a0ad3597039d0a%0A HTTP/1.1" 500 176 "-" "PostmanRuntime/7.28.4"

info: ::1 - - [17/Mar/2022:06:49:20 +0000] "PUT /api/v1/note/isarchive/6232d8a0e3a0ad3597039d0a%0A HTTP/1.1" 500 176 "-" "PostmanRuntime/7.28.4"

info: ::1 - - [17/Mar/2022:06:49:37 +0000] "PUT /api/v1/note/isarchive/6232d8a0e3a0ad3597039d0a%0A HTTP/1.1" 500 203 "-" "PostmanRuntime/7.28.4"

info: ::1 - - [17/Mar/2022:06:50:03 +0000] "PUT /api/v1/note/isarchive/6232d8a0e3a0ad3597039d0a%0A HTTP/1.1" 500 149 "-" "PostmanRuntime/7.28.4"

info: ::1 - - [17/Mar/2022:06:50:22 +0000] "PUT /api/v1/note/isarchive/6232d8a0e3a0ad3597039d0a%0A HTTP/1.1" 500 149 "-" "PostmanRuntime/7.28.4"

info: ::1 - - [17/Mar/2022:06:51:01 +0000] "PUT /api/v1/note/isarchive/6232d8a0e3a0ad3597039d0a%0A HTTP/1.1" 500 221 "-" "PostmanRuntime/7.28.4"

info: ::1 - - [17/Mar/2022:06:52:47 +0000] "PUT /api/v1/note/isarchive/6232d8a0e3a0ad3597039d0a%0A HTTP/1.1" 500 221 "-" "PostmanRuntime/7.28.4"

info: ::1 - - [17/Mar/2022:06:54:13 +0000] "PUT /api/v1/note/isarchive/6232d8a0e3a0ad3597039d0a%0A HTTP/1.1" 500 221 "-" "PostmanRuntime/7.28.4"

info: ::1 - - [17/Mar/2022:06:54:54 +0000] "PUT /api/v1/note/isarchive/6232d8a0e3a0ad3597039d0a%0A HTTP/1.1" 500 283 "-" "PostmanRuntime/7.28.4"

info: ::1 - - [17/Mar/2022:11:09:01 +0000] "PUT /api/v1/note/isarchive/6232d8a0e3a0ad3597039d0a%0A HTTP/1.1" 500 283 "-" "PostmanRuntime/7.28.4"

info: ::1 - - [17/Mar/2022:11:12:38 +0000] "PUT /api/v1/note/isarchive/6232d8a0e3a0ad3597039d0a%0A HTTP/1.1" 500 221 "-" "PostmanRuntime/7.28.4"

info: ::1 - - [17/Mar/2022:11:22:43 +0000] "PUT /api/v1/note/isarchive/6232d8a0e3a0ad3597039d0a%0A HTTP/1.1" 500 221 "-" "PostmanRuntime/7.28.4"

info: ::1 - - [17/Mar/2022:11:23:02 +0000] "PUT /api/v1/note/isarchive/6232d8a0e3a0ad3597039d0a%0A HTTP/1.1" 500 221 "-" "PostmanRuntime/7.28.4"

info: ::1 - - [17/Mar/2022:11:25:17 +0000] "PUT /api/v1/note/isarchive/6232d8a0e3a0ad3597039d0a%0A HTTP/1.1" 500 221 "-" "PostmanRuntime/7.28.4"

info: ::1 - - [17/Mar/2022:11:25:44 +0000] "PUT /api/v1/note/isarchive/6232d8a0e3a0ad3597039d0a%0A HTTP/1.1" 500 149 "-" "PostmanRuntime/7.28.4"

info: ::1 - - [17/Mar/2022:11:26:53 +0000] "PUT /api/v1/note/isarchive/6232d8a0e3a0ad3597039d0a%0A HTTP/1.1" 500 149 "-" "PostmanRuntime/7.28.4"

info: ::1 - - [17/Mar/2022:11:29:37 +0000] "PUT /api/v1/note/isarchive/6232d8a0e3a0ad3597039d0a%0A HTTP/1.1" 500 61 "-" "PostmanRuntime/7.28.4"

info: ::1 - - [17/Mar/2022:11:37:50 +0000] "PUT /api/v1/note/isarchive/6232d8a0e3a0ad3597039d0a%0A HTTP/1.1" 500 140 "-" "PostmanRuntime/7.28.4"

info: ::1 - - [17/Mar/2022:11:39:11 +0000] "PUT /api/v1/note/isarchive/6232d8a0e3a0ad3597039d0a%0A HTTP/1.1" 500 53 "-" "PostmanRuntime/7.28.4"

info: ::1 - - [17/Mar/2022:11:43:00 +0000] "GET /api/v1/note%0A HTTP/1.1" 404 47 "-" "PostmanRuntime/7.28.4"

info: ::1 - - [17/Mar/2022:11:43:10 +0000] "GET /api/v1/note%0A HTTP/1.1" 404 47 "-" "PostmanRuntime/7.28.4"

info: ::1 - - [17/Mar/2022:11:43:36 +0000] "GET /api/v1/note%0A HTTP/1.1" 404 47 "-" "PostmanRuntime/7.28.4"

info: ::1 - - [17/Mar/2022:11:44:24 +0000] "GET /api/v1/note%0A HTTP/1.1" 404 47 "-" "PostmanRuntime/7.28.4"

info: ::1 - - [17/Mar/2022:11:44:25 +0000] "GET /api/v1/note%0A HTTP/1.1" 404 47 "-" "PostmanRuntime/7.28.4"

info: ::1 - - [17/Mar/2022:11:44:35 +0000] "GET /api/v1/note%0A HTTP/1.1" 404 47 "-" "PostmanRuntime/7.28.4"

info: ::1 - - [17/Mar/2022:11:44:40 +0000] "GET /api/v1/note HTTP/1.1" 200 1501 "-" "PostmanRuntime/7.28.4"

info: ::1 - - [17/Mar/2022:11:45:13 +0000] "PUT /api/v1/note/isarchive/622af5770c29451978c33515 HTTP/1.1" 500 53 "-" "PostmanRuntime/7.28.4"

info: ::1 - - [17/Mar/2022:11:45:38 +0000] "PUT /api/v1/note/isarchive/622af5770c29451978c33515 HTTP/1.1" 500 156 "-" "PostmanRuntime/7.28.4"

