info: ::1 - - [02/Mar/2022:10:35:57 +0000] "DELETE /api/v1/ HTTP/1.1" 404 47 "-" "PostmanRuntime/7.28.4"

info: ::1 - - [02/Mar/2022:10:36:04 +0000] "POST /api/v1/ HTTP/1.1" 404 47 "-" "PostmanRuntime/7.28.4"

info: ::1 - - [02/Mar/2022:10:36:18 +0000] "GET /api/v1/ HTTP/1.1" 200 9 "-" "PostmanRuntime/7.28.4"

info: ::1 - - [02/Mar/2022:12:39:11 +0000] "GET /api/v1/ HTTP/1.1" 200 9 "-" "PostmanRuntime/7.28.4"

info: ::1 - - [02/Mar/2022:12:39:14 +0000] "GET /api/v1/ HTTP/1.1" 200 9 "-" "PostmanRuntime/7.28.4"

info: ::1 - - [02/Mar/2022:12:39:39 +0000] "POST /api/v1/users/reset HTTP/1.1" 200 59 "-" "PostmanRuntime/7.28.4"

info: ::1 - - [02/Mar/2022:12:51:32 +0000] "GET /api/v1/ HTTP/1.1" 200 9 "-" "Mozilla/5.0 (X11; Linux x86_64) AppleWebKit/537.36 (KHTML, like Gecko) Chrome/98.0.4758.80 Safari/537.36"

info: ::1 - - [02/Mar/2022:12:51:33 +0000] "GET /favicon.ico HTTP/1.1" 404 47 "-" "Mozilla/5.0 (X11; Linux x86_64) AppleWebKit/537.36 (KHTML, like Gecko) Chrome/98.0.4758.80 Safari/537.36"

info: ::1 - - [02/Mar/2022:12:52:23 +0000] "GET /api-docs HTTP/1.1" 301 183 "-" "Mozilla/5.0 (X11; Linux x86_64) AppleWebKit/537.36 (KHTML, like Gecko) Chrome/98.0.4758.80 Safari/537.36"

info: ::1 - - [02/Mar/2022:12:52:23 +0000] "GET /api-docs/ HTTP/1.1" 200 3102 "-" "Mozilla/5.0 (X11; Linux x86_64) AppleWebKit/537.36 (KHTML, like Gecko) Chrome/98.0.4758.80 Safari/537.36"

info: ::1 - - [02/Mar/2022:12:52:23 +0000] "GET /api-docs/swagger-ui-init.js HTTP/1.1" 200 3751 "-" "Mozilla/5.0 (X11; Linux x86_64) AppleWebKit/537.36 (KHTML, like Gecko) Chrome/98.0.4758.80 Safari/537.36"

info: ::1 - - [02/Mar/2022:12:52:23 +0000] "GET /api-docs/swagger-ui-standalone-preset.js HTTP/1.1" 200 331274 "-" "Mozilla/5.0 (X11; Linux x86_64) AppleWebKit/537.36 (KHTML, like Gecko) Chrome/98.0.4758.80 Safari/537.36"

info: ::1 - - [02/Mar/2022:12:52:23 +0000] "GET /api-docs/swagger-ui-bundle.js HTTP/1.1" 200 1085790 "-" "Mozilla/5.0 (X11; Linux x86_64) AppleWebKit/537.36 (KHTML, like Gecko) Chrome/98.0.4758.80 Safari/537.36"

info: ::1 - - [02/Mar/2022:12:52:23 +0000] "GET /api-docs/swagger-ui.css HTTP/1.1" 200 143858 "-" "Mozilla/5.0 (X11; Linux x86_64) AppleWebKit/537.36 (KHTML, like Gecko) Chrome/98.0.4758.80 Safari/537.36"

info: ::1 - - [02/Mar/2022:12:52:24 +0000] "GET /api-docs/favicon-32x32.png HTTP/1.1" 200 628 "-" "Mozilla/5.0 (X11; Linux x86_64) AppleWebKit/537.36 (KHTML, like Gecko) Chrome/98.0.4758.80 Safari/537.36"

info: ::1 - - [02/Mar/2022:12:53:49 +0000] "GET /api-docs/ HTTP/1.1" 304 - "-" "Mozilla/5.0 (X11; Linux x86_64) AppleWebKit/537.36 (KHTML, like Gecko) Chrome/98.0.4758.80 Safari/537.36"

info: ::1 - - [02/Mar/2022:12:53:49 +0000] "GET /api-docs/swagger-ui.css HTTP/1.1" 304 - "-" "Mozilla/5.0 (X11; Linux x86_64) AppleWebKit/537.36 (KHTML, like Gecko) Chrome/98.0.4758.80 Safari/537.36"

info: ::1 - - [02/Mar/2022:12:53:49 +0000] "GET /api-docs/swagger-ui-init.js HTTP/1.1" 200 3785 "-" "Mozilla/5.0 (X11; Linux x86_64) AppleWebKit/537.36 (KHTML, like Gecko) Chrome/98.0.4758.80 Safari/537.36"

info: ::1 - - [02/Mar/2022:12:53:49 +0000] "GET /api-docs/swagger-ui-bundle.js HTTP/1.1" 304 - "-" "Mozilla/5.0 (X11; Linux x86_64) AppleWebKit/537.36 (KHTML, like Gecko) Chrome/98.0.4758.80 Safari/537.36"

info: ::1 - - [02/Mar/2022:12:53:49 +0000] "GET /api-docs/swagger-ui-standalone-preset.js HTTP/1.1" 304 - "-" "Mozilla/5.0 (X11; Linux x86_64) AppleWebKit/537.36 (KHTML, like Gecko) Chrome/98.0.4758.80 Safari/537.36"

info: ::1 - - [02/Mar/2022:12:54:04 +0000] "GET /api-docs/ HTTP/1.1" 304 - "-" "Mozilla/5.0 (X11; Linux x86_64) AppleWebKit/537.36 (KHTML, like Gecko) Chrome/98.0.4758.80 Safari/537.36"

info: ::1 - - [02/Mar/2022:12:54:04 +0000] "GET /api-docs/swagger-ui-init.js HTTP/1.1" 304 - "-" "Mozilla/5.0 (X11; Linux x86_64) AppleWebKit/537.36 (KHTML, like Gecko) Chrome/98.0.4758.80 Safari/537.36"

info: ::1 - - [02/Mar/2022:12:54:04 +0000] "GET /api-docs/swagger-ui.css HTTP/1.1" 304 - "-" "Mozilla/5.0 (X11; Linux x86_64) AppleWebKit/537.36 (KHTML, like Gecko) Chrome/98.0.4758.80 Safari/537.36"

info: ::1 - - [02/Mar/2022:12:54:04 +0000] "GET /api-docs/swagger-ui-bundle.js HTTP/1.1" 304 - "-" "Mozilla/5.0 (X11; Linux x86_64) AppleWebKit/537.36 (KHTML, like Gecko) Chrome/98.0.4758.80 Safari/537.36"

info: ::1 - - [02/Mar/2022:12:54:04 +0000] "GET /api-docs/swagger-ui-standalone-preset.js HTTP/1.1" 304 - "-" "Mozilla/5.0 (X11; Linux x86_64) AppleWebKit/537.36 (KHTML, like Gecko) Chrome/98.0.4758.80 Safari/537.36"

info: ::1 - - [02/Mar/2022:12:54:04 +0000] "GET /api-docs/favicon-32x32.png HTTP/1.1" 304 - "-" "Mozilla/5.0 (X11; Linux x86_64) AppleWebKit/537.36 (KHTML, like Gecko) Chrome/98.0.4758.80 Safari/537.36"

