info: ::1 - - [17/Aug/2022:03:59:48 +0000] "GET /api/v1/note HTTP/1.1" 200 879 "http://localhost:3000/" "Mozilla/5.0 (X11; Linux x86_64) AppleWebKit/537.36 (KHTML, like Gecko) Chrome/100.0.4896.127 Safari/537.36"

info: ::1 - - [17/Aug/2022:04:00:50 +0000] "PUT /api/v1/note/62e894aa693b61addfe11a06 HTTP/1.1" 202 285 "http://localhost:3000/" "Mozilla/5.0 (X11; Linux x86_64) AppleWebKit/537.36 (KHTML, like Gecko) Chrome/100.0.4896.127 Safari/537.36"

info: ::1 - - [17/Aug/2022:04:00:55 +0000] "GET /api/v1/note HTTP/1.1" 200 916 "http://localhost:3000/" "Mozilla/5.0 (X11; Linux x86_64) AppleWebKit/537.36 (KHTML, like Gecko) Chrome/100.0.4896.127 Safari/537.36"

info: ::1 - - [17/Aug/2022:06:28:11 +0000] "PUT /api/v1/note/62e894aa693b61addfe11a06 HTTP/1.1" 202 273 "http://localhost:3000/" "Mozilla/5.0 (X11; Linux x86_64) AppleWebKit/537.36 (KHTML, like Gecko) Chrome/100.0.4896.127 Safari/537.36"

info: ::1 - - [17/Aug/2022:06:28:27 +0000] "GET /api/v1/note HTTP/1.1" 200 904 "http://localhost:3000/" "Mozilla/5.0 (X11; Linux x86_64) AppleWebKit/537.36 (KHTML, like Gecko) Chrome/100.0.4896.127 Safari/537.36"

info: ::1 - - [17/Aug/2022:06:35:16 +0000] "GET /api/v1/note HTTP/1.1" 200 921 "http://localhost:3000/" "Mozilla/5.0 (X11; Linux x86_64) AppleWebKit/537.36 (KHTML, like Gecko) Chrome/100.0.4896.127 Safari/537.36"

info: ::1 - - [17/Aug/2022:06:35:27 +0000] "GET /api/v1/note HTTP/1.1" 304 - "http://localhost:3000/" "Mozilla/5.0 (X11; Linux x86_64) AppleWebKit/537.36 (KHTML, like Gecko) Chrome/100.0.4896.127 Safari/537.36"

info: ::1 - - [17/Aug/2022:06:35:31 +0000] "GET /api/v1/note HTTP/1.1" 304 - "http://localhost:3000/" "Mozilla/5.0 (X11; Linux x86_64) AppleWebKit/537.36 (KHTML, like Gecko) Chrome/100.0.4896.127 Safari/537.36"

info: ::1 - - [17/Aug/2022:06:36:42 +0000] "GET /api/v1/note HTTP/1.1" 304 - "http://localhost:3000/" "Mozilla/5.0 (X11; Linux x86_64) AppleWebKit/537.36 (KHTML, like Gecko) Chrome/100.0.4896.127 Safari/537.36"

info: ::1 - - [17/Aug/2022:06:37:34 +0000] "GET /api/v1/note HTTP/1.1" 304 - "http://localhost:3000/" "Mozilla/5.0 (X11; Linux x86_64) AppleWebKit/537.36 (KHTML, like Gecko) Chrome/100.0.4896.127 Safari/537.36"

info: ::1 - - [17/Aug/2022:06:38:25 +0000] "GET /api/v1/note HTTP/1.1" 304 - "http://localhost:3000/" "Mozilla/5.0 (X11; Linux x86_64) AppleWebKit/537.36 (KHTML, like Gecko) Chrome/100.0.4896.127 Safari/537.36"

info: ::1 - - [17/Aug/2022:06:47:54 +0000] "GET /api/v1/note HTTP/1.1" 304 - "http://localhost:3000/" "Mozilla/5.0 (X11; Linux x86_64) AppleWebKit/537.36 (KHTML, like Gecko) Chrome/100.0.4896.127 Safari/537.36"

info: ::1 - - [17/Aug/2022:06:54:00 +0000] "GET /api/v1/note HTTP/1.1" 304 - "http://localhost:3000/" "Mozilla/5.0 (X11; Linux x86_64) AppleWebKit/537.36 (KHTML, like Gecko) Chrome/100.0.4896.127 Safari/537.36"

info: ::1 - - [17/Aug/2022:06:54:38 +0000] "GET /api/v1/note HTTP/1.1" 304 - "http://localhost:3000/" "Mozilla/5.0 (X11; Linux x86_64) AppleWebKit/537.36 (KHTML, like Gecko) Chrome/100.0.4896.127 Safari/537.36"

info: ::1 - - [17/Aug/2022:06:55:38 +0000] "GET /api/v1/note HTTP/1.1" 304 - "http://localhost:3000/" "Mozilla/5.0 (X11; Linux x86_64) AppleWebKit/537.36 (KHTML, like Gecko) Chrome/100.0.4896.127 Safari/537.36"

info: ::1 - - [17/Aug/2022:06:55:42 +0000] "GET /api/v1/note HTTP/1.1" 304 - "http://localhost:3000/" "Mozilla/5.0 (X11; Linux x86_64) AppleWebKit/537.36 (KHTML, like Gecko) Chrome/100.0.4896.127 Safari/537.36"

info: ::1 - - [17/Aug/2022:06:56:34 +0000] "GET /api/v1/note HTTP/1.1" 304 - "http://localhost:3000/" "Mozilla/5.0 (X11; Linux x86_64) AppleWebKit/537.36 (KHTML, like Gecko) Chrome/100.0.4896.127 Safari/537.36"

info: ::1 - - [17/Aug/2022:06:57:54 +0000] "GET /api/v1/note HTTP/1.1" 304 - "http://localhost:3000/" "Mozilla/5.0 (X11; Linux x86_64) AppleWebKit/537.36 (KHTML, like Gecko) Chrome/100.0.4896.127 Safari/537.36"

info: ::1 - - [17/Aug/2022:06:58:18 +0000] "GET /api/v1/note HTTP/1.1" 304 - "http://localhost:3000/" "Mozilla/5.0 (X11; Linux x86_64) AppleWebKit/537.36 (KHTML, like Gecko) Chrome/100.0.4896.127 Safari/537.36"

info: ::1 - - [17/Aug/2022:06:59:42 +0000] "GET /api/v1/note HTTP/1.1" 304 - "http://localhost:3000/" "Mozilla/5.0 (X11; Linux x86_64) AppleWebKit/537.36 (KHTML, like Gecko) Chrome/100.0.4896.127 Safari/537.36"

info: ::1 - - [17/Aug/2022:06:59:44 +0000] "GET /api/v1/note HTTP/1.1" 304 - "http://localhost:3000/" "Mozilla/5.0 (X11; Linux x86_64) AppleWebKit/537.36 (KHTML, like Gecko) Chrome/100.0.4896.127 Safari/537.36"

info: ::1 - - [17/Aug/2022:07:08:33 +0000] "GET /api/v1/note HTTP/1.1" 304 - "http://localhost:3000/" "Mozilla/5.0 (X11; Linux x86_64) AppleWebKit/537.36 (KHTML, like Gecko) Chrome/100.0.4896.127 Safari/537.36"

info: ::1 - - [17/Aug/2022:07:09:26 +0000] "GET /api/v1/note HTTP/1.1" 304 - "http://localhost:3000/" "Mozilla/5.0 (X11; Linux x86_64) AppleWebKit/537.36 (KHTML, like Gecko) Chrome/100.0.4896.127 Safari/537.36"

info: ::1 - - [17/Aug/2022:10:50:02 +0000] "GET /api/v1/note HTTP/1.1" 304 - "http://localhost:3000/" "Mozilla/5.0 (X11; Linux x86_64) AppleWebKit/537.36 (KHTML, like Gecko) Chrome/100.0.4896.127 Safari/537.36"

info: ::1 - - [17/Aug/2022:10:50:14 +0000] "POST /api/v1/note HTTP/1.1" 201 255 "http://localhost:3000/" "Mozilla/5.0 (X11; Linux x86_64) AppleWebKit/537.36 (KHTML, like Gecko) Chrome/100.0.4896.127 Safari/537.36"

info: ::1 - - [17/Aug/2022:10:50:14 +0000] "GET /api/v1/note HTTP/1.1" 200 1107 "http://localhost:3000/" "Mozilla/5.0 (X11; Linux x86_64) AppleWebKit/537.36 (KHTML, like Gecko) Chrome/100.0.4896.127 Safari/537.36"

info: ::1 - - [17/Aug/2022:10:50:20 +0000] "GET /api/v1/note HTTP/1.1" 200 1124 "http://localhost:3000/" "Mozilla/5.0 (X11; Linux x86_64) AppleWebKit/537.36 (KHTML, like Gecko) Chrome/100.0.4896.127 Safari/537.36"

info: ::1 - - [17/Aug/2022:10:50:27 +0000] "DELETE /api/v1/note/62fcc7e6b1d7c3386f3269c0 HTTP/1.1" 200 45 "http://localhost:3000/" "Mozilla/5.0 (X11; Linux x86_64) AppleWebKit/537.36 (KHTML, like Gecko) Chrome/100.0.4896.127 Safari/537.36"

info: ::1 - - [17/Aug/2022:10:50:36 +0000] "GET /api/v1/note HTTP/1.1" 200 904 "http://localhost:3000/" "Mozilla/5.0 (X11; Linux x86_64) AppleWebKit/537.36 (KHTML, like Gecko) Chrome/100.0.4896.127 Safari/537.36"

info: ::1 - - [17/Aug/2022:10:50:45 +0000] "POST /api/v1/note HTTP/1.1" 201 255 "http://localhost:3000/" "Mozilla/5.0 (X11; Linux x86_64) AppleWebKit/537.36 (KHTML, like Gecko) Chrome/100.0.4896.127 Safari/537.36"

info: ::1 - - [17/Aug/2022:10:50:45 +0000] "GET /api/v1/note HTTP/1.1" 200 1107 "http://localhost:3000/" "Mozilla/5.0 (X11; Linux x86_64) AppleWebKit/537.36 (KHTML, like Gecko) Chrome/100.0.4896.127 Safari/537.36"

info: ::1 - - [17/Aug/2022:10:50:53 +0000] "POST /api/v1/note HTTP/1.1" 201 255 "http://localhost:3000/" "Mozilla/5.0 (X11; Linux x86_64) AppleWebKit/537.36 (KHTML, like Gecko) Chrome/100.0.4896.127 Safari/537.36"

info: ::1 - - [17/Aug/2022:10:50:54 +0000] "GET /api/v1/note HTTP/1.1" 200 1310 "http://localhost:3000/" "Mozilla/5.0 (X11; Linux x86_64) AppleWebKit/537.36 (KHTML, like Gecko) Chrome/100.0.4896.127 Safari/537.36"

info: ::1 - - [17/Aug/2022:10:50:55 +0000] "GET /api/v1/note HTTP/1.1" 200 1327 "http://localhost:3000/" "Mozilla/5.0 (X11; Linux x86_64) AppleWebKit/537.36 (KHTML, like Gecko) Chrome/100.0.4896.127 Safari/537.36"

info: ::1 - - [17/Aug/2022:10:50:59 +0000] "DELETE /api/v1/note/62fcc805b1d7c3386f3269c5 HTTP/1.1" 200 45 "http://localhost:3000/" "Mozilla/5.0 (X11; Linux x86_64) AppleWebKit/537.36 (KHTML, like Gecko) Chrome/100.0.4896.127 Safari/537.36"

info: ::1 - - [17/Aug/2022:10:51:02 +0000] "DELETE /api/v1/note/62fcc80db1d7c3386f3269c8 HTTP/1.1" 200 45 "http://localhost:3000/" "Mozilla/5.0 (X11; Linux x86_64) AppleWebKit/537.36 (KHTML, like Gecko) Chrome/100.0.4896.127 Safari/537.36"

info: ::1 - - [17/Aug/2022:10:52:33 +0000] "PUT /api/v1/note/62f4ec6d95271c7ef7b4b1ae HTTP/1.1" 202 263 "http://localhost:3000/" "Mozilla/5.0 (X11; Linux x86_64) AppleWebKit/537.36 (KHTML, like Gecko) Chrome/100.0.4896.127 Safari/537.36"

info: ::1 - - [17/Aug/2022:10:52:38 +0000] "GET /api/v1/note HTTP/1.1" 200 919 "http://localhost:3000/" "Mozilla/5.0 (X11; Linux x86_64) AppleWebKit/537.36 (KHTML, like Gecko) Chrome/100.0.4896.127 Safari/537.36"

info: ::1 - - [17/Aug/2022:10:58:11 +0000] "GET /api/v1/note HTTP/1.1" 200 936 "http://localhost:3000/" "Mozilla/5.0 (X11; Linux x86_64) AppleWebKit/537.36 (KHTML, like Gecko) Chrome/100.0.4896.127 Safari/537.36"

info: ::1 - - [17/Aug/2022:10:58:13 +0000] "GET /api/v1/note HTTP/1.1" 304 - "http://localhost:3000/" "Mozilla/5.0 (X11; Linux x86_64) AppleWebKit/537.36 (KHTML, like Gecko) Chrome/100.0.4896.127 Safari/537.36"

info: ::1 - - [17/Aug/2022:10:58:25 +0000] "GET /api/v1/note HTTP/1.1" 304 - "http://localhost:3000/" "Mozilla/5.0 (X11; Linux x86_64) AppleWebKit/537.36 (KHTML, like Gecko) Chrome/100.0.4896.127 Safari/537.36"

info: ::1 - - [17/Aug/2022:11:01:34 +0000] "GET /api/v1/note HTTP/1.1" 304 - "http://localhost:3000/" "Mozilla/5.0 (X11; Linux x86_64) AppleWebKit/537.36 (KHTML, like Gecko) Chrome/100.0.4896.127 Safari/537.36"

info: ::1 - - [17/Aug/2022:11:16:03 +0000] "GET /api/v1/note HTTP/1.1" 304 - "http://localhost:3000/" "Mozilla/5.0 (X11; Linux x86_64) AppleWebKit/537.36 (KHTML, like Gecko) Chrome/100.0.4896.127 Safari/537.36"

info: ::1 - - [17/Aug/2022:11:21:36 +0000] "GET /api/v1/note HTTP/1.1" 304 - "http://localhost:3000/" "Mozilla/5.0 (X11; Linux x86_64) AppleWebKit/537.36 (KHTML, like Gecko) Chrome/100.0.4896.127 Safari/537.36"

info: ::1 - - [17/Aug/2022:11:22:06 +0000] "GET /api/v1/note HTTP/1.1" 304 - "http://localhost:3000/" "Mozilla/5.0 (X11; Linux x86_64) AppleWebKit/537.36 (KHTML, like Gecko) Chrome/100.0.4896.127 Safari/537.36"

info: ::1 - - [17/Aug/2022:11:22:13 +0000] "GET /api/v1/note HTTP/1.1" 304 - "http://localhost:3000/" "Mozilla/5.0 (X11; Linux x86_64) AppleWebKit/537.36 (KHTML, like Gecko) Chrome/100.0.4896.127 Safari/537.36"

info: ::1 - - [17/Aug/2022:11:22:33 +0000] "GET /api/v1/note HTTP/1.1" 304 - "http://localhost:3000/" "Mozilla/5.0 (X11; Linux x86_64) AppleWebKit/537.36 (KHTML, like Gecko) Chrome/100.0.4896.127 Safari/537.36"

info: ::1 - - [17/Aug/2022:11:22:56 +0000] "GET /api/v1/note HTTP/1.1" 304 - "http://localhost:3000/" "Mozilla/5.0 (X11; Linux x86_64) AppleWebKit/537.36 (KHTML, like Gecko) Chrome/100.0.4896.127 Safari/537.36"

info: ::1 - - [17/Aug/2022:11:23:11 +0000] "GET /api/v1/note HTTP/1.1" 304 - "http://localhost:3000/" "Mozilla/5.0 (X11; Linux x86_64) AppleWebKit/537.36 (KHTML, like Gecko) Chrome/100.0.4896.127 Safari/537.36"

info: ::1 - - [17/Aug/2022:11:23:20 +0000] "GET /api/v1/note HTTP/1.1" 304 - "http://localhost:3000/" "Mozilla/5.0 (X11; Linux x86_64) AppleWebKit/537.36 (KHTML, like Gecko) Chrome/100.0.4896.127 Safari/537.36"

info: ::1 - - [17/Aug/2022:12:08:26 +0000] "GET /api/v1/note HTTP/1.1" 304 - "http://localhost:3000/" "Mozilla/5.0 (X11; Linux x86_64) AppleWebKit/537.36 (KHTML, like Gecko) Chrome/100.0.4896.127 Safari/537.36"

