info: Server started at http://localhost:8000/api/v1/ {"timestamp":"2022-02-27T19:58:14.375Z"}
info: Connected to the database. {"timestamp":"2022-02-27T19:58:14.494Z"}
info: Connected to the database. {"timestamp":"2022-02-27T19:58:16.099Z"}
info: Server started at http://localhost:8000/api/v1/ {"timestamp":"2022-02-27T19:58:26.274Z"}
info: Connected to the database. {"timestamp":"2022-02-27T19:58:26.302Z"}
info: Connected to the database. {"timestamp":"2022-02-27T19:58:34.217Z"}
info: Server started at http://localhost:8000/api/v1/ {"timestamp":"2022-02-27T19:58:40.364Z"}
info: Connected to the database. {"timestamp":"2022-02-27T19:58:40.394Z"}
info: Server started at http://localhost:4000/api/v1/ {"timestamp":"2022-02-27T19:58:56.066Z"}
info: Connected to the database. {"timestamp":"2022-02-27T19:58:56.095Z"}
info: Server started at http://localhost:4000/api/v1/ {"timestamp":"2022-02-27T20:05:44.585Z"}
info: Connected to the database. {"timestamp":"2022-02-27T20:05:44.620Z"}
info: Server started at http://localhost:4000/api/v1/ {"timestamp":"2022-02-27T20:13:46.932Z"}
info: Connected to the database. {"timestamp":"2022-02-27T20:13:47.020Z"}
info: Connected to the database. {"timestamp":"2022-02-27T20:13:47.225Z"}
info: Server started at http://localhost:4000/api/v1/ {"timestamp":"2022-02-27T20:14:48.849Z"}
info: Connected to the database. {"timestamp":"2022-02-27T20:14:48.892Z"}
info: Connected to the database. {"timestamp":"2022-02-27T20:14:48.979Z"}
info: Server started at http://localhost:5000/api/v1/ {"timestamp":"2022-02-27T20:15:15.844Z"}
info: Connected to the database. {"timestamp":"2022-02-27T20:15:15.868Z"}
error: Invalid login: 535-5.7.8 Username and Password not accepted. Learn more at
535 5.7.8  https://support.google.com/mail/?p=BadCredentials d15-20020a17090ab30f00b001b8e65326b3sm8080545pjr.9 - gsmtp {"code":"EAUTH","command":"AUTH PLAIN","response":"535-5.7.8 Username and Password not accepted. Learn more at\n535 5.7.8  https://support.google.com/mail/?p=BadCredentials d15-20020a17090ab30f00b001b8e65326b3sm8080545pjr.9 - gsmtp","responseCode":535,"timestamp":"2022-02-27T20:15:25.052Z"}
info: Server started at http://localhost:5000/api/v1/ {"timestamp":"2022-02-27T20:16:36.773Z"}
info: Connected to the database. {"timestamp":"2022-02-27T20:16:36.799Z"}
info: undefined {"accepted":["wadoyay346@submic.com"],"envelope":{"from":"gaikwadsmita021@gmail.com","to":["wadoyay346@submic.com"]},"envelopeTime":880,"messageId":"<d505aa31-9342-5d74-14ed-30023f6fcf90@gmail.com>","messageSize":983,"messageTime":956,"rejected":[],"response":"250 2.0.0 OK  1645993002 u8-20020a056a00098800b004f36335ecf0sm10738103pfg.146 - gsmtp","timestamp":"2022-02-27T20:16:42.544Z"}
info: Server started at http://localhost:5000/api/v1/ {"timestamp":"2022-02-27T20:19:53.245Z"}
info: Connected to the database. {"timestamp":"2022-02-27T20:19:53.314Z"}
info: Connected to the database. {"timestamp":"2022-02-27T20:19:53.586Z"}
info: Server started at http://localhost:5000/api/v1/ {"timestamp":"2022-02-27T20:20:12.834Z"}
info: Connected to the database. {"timestamp":"2022-02-27T20:20:12.901Z"}
info: Connected to the database. {"timestamp":"2022-02-27T20:20:12.939Z"}
info: Server started at http://localhost:5000/api/v1/ {"timestamp":"2022-02-27T20:21:20.847Z"}
info: Connected to the database. {"timestamp":"2022-02-27T20:21:20.888Z"}
info: Server started at http://localhost:5000/api/v1/ {"timestamp":"2022-02-27T20:22:02.052Z"}
info: Connected to the database. {"timestamp":"2022-02-27T20:22:02.111Z"}
info: Connected to the database. {"timestamp":"2022-02-27T20:22:02.400Z"}
info: Server started at http://localhost:5000/api/v1/ {"timestamp":"2022-02-27T20:23:47.742Z"}
info: Connected to the database. {"timestamp":"2022-02-27T20:23:47.829Z"}
info: Connected to the database. {"timestamp":"2022-02-27T20:23:48.026Z"}
info: Server started at http://localhost:5000/api/v1/ {"timestamp":"2022-02-27T20:29:14.378Z"}
info: Connected to the database. {"timestamp":"2022-02-27T20:29:14.437Z"}
info: Server started at http://localhost:5000/api/v1/ {"timestamp":"2022-02-27T20:29:28.948Z"}
info: Connected to the database. {"timestamp":"2022-02-27T20:29:29.007Z"}
info: Connected to the database. {"timestamp":"2022-02-27T20:29:29.108Z"}
info: Server started at http://localhost:5000/api/v1/ {"timestamp":"2022-02-27T20:29:49.352Z"}
info: Connected to the database. {"timestamp":"2022-02-27T20:29:49.400Z"}
info: Server started at http://localhost:5000/api/v1/ {"timestamp":"2022-02-27T20:31:15.541Z"}
info: Connected to the database. {"timestamp":"2022-02-27T20:31:15.590Z"}
info: Connected to the database. {"timestamp":"2022-02-27T20:31:15.729Z"}
info: Server started at http://localhost:6000/api/v1/ {"timestamp":"2022-02-28T03:10:00.937Z"}
info: Connected to the database. {"timestamp":"2022-02-28T03:10:00.966Z"}
info: undefined {"accepted":["wadoyay346@submic.com"],"envelope":{"from":"gaikwadsmita021@gmail.com","to":["wadoyay346@submic.com"]},"envelopeTime":899,"messageId":"<ddc6e246-9bef-1a3e-2ea7-00ef0af71c17@gmail.com>","messageSize":916,"messageTime":980,"rejected":[],"response":"250 2.0.0 OK  1646017839 q22-20020a056a00085600b004f397d1f3b5sm11496332pfk.171 - gsmtp","timestamp":"2022-02-28T03:10:39.334Z"}
info: Server started at http://localhost:6000/api/v1/ {"timestamp":"2022-02-28T03:14:56.410Z"}
info: Connected to the database. {"timestamp":"2022-02-28T03:14:56.475Z"}
info: Connected to the database. {"timestamp":"2022-02-28T03:14:56.891Z"}
info: Server started at http://localhost:6000/api/v1/ {"timestamp":"2022-02-28T03:33:31.073Z"}
info: Connected to the database. {"timestamp":"2022-02-28T03:33:31.130Z"}
info: Connected to the database. {"timestamp":"2022-02-28T03:33:31.489Z"}
info: Server started at http://localhost:6000/api/v1/ {"timestamp":"2022-02-28T03:38:26.154Z"}
info: Connected to the database. {"timestamp":"2022-02-28T03:38:26.201Z"}
info: Server started at http://localhost:6000/api/v1/ {"timestamp":"2022-02-28T04:00:01.217Z"}
info: Connected to the database. {"timestamp":"2022-02-28T04:00:01.288Z"}
info: Connected to the database. {"timestamp":"2022-02-28T04:00:01.627Z"}
