info: Server started at http://localhost:3000/api/v1/ {"timestamp":"2022-02-23T10:07:40.984Z"}
info: Connected to the database. {"timestamp":"2022-02-23T10:07:41.220Z"}
info: Server started at http://localhost:3000/api/v1/ {"timestamp":"2022-02-23T10:07:49.597Z"}
info: Connected to the database. {"timestamp":"2022-02-23T10:07:49.647Z"}
error: 
    status - 500 
    message - Error: "title" is required
    at new exports.ValidationError (/home/smita/RegisterUser/userRegistrationNlogin/node_modules/@hapi/joi/lib/errors.js:246:9)
    at Object.exports.process (/home/smita/RegisterUser/userRegistrationNlogin/node_modules/@hapi/joi/lib/errors.js:189:29)
    at Object.internals.entry (/home/smita/RegisterUser/userRegistrationNlogin/node_modules/@hapi/joi/lib/validator.js:140:26)
    at Object.exports.entry (/home/smita/RegisterUser/userRegistrationNlogin/node_modules/@hapi/joi/lib/validator.js:26:30)
    at internals.Base.validate (/home/smita/RegisterUser/userRegistrationNlogin/node_modules/@hapi/joi/lib/base.js:534:26)
    at noteValidator (/home/smita/RegisterUser/userRegistrationNlogin/src/validators/user.validator.js:25:35)
    at Layer.handle [as handle_request] (/home/smita/RegisterUser/userRegistrationNlogin/node_modules/express/lib/router/layer.js:95:5)
    at next (/home/smita/RegisterUser/userRegistrationNlogin/node_modules/express/lib/router/route.js:137:13) 
    url - /api/v1/note 
    method - POST 
    IP - ::1
   {"timestamp":"2022-02-23T10:10:40.706Z"}
info: Server started at http://localhost:3000/api/v1/ {"timestamp":"2022-02-23T10:10:58.187Z"}
info: Connected to the database. {"timestamp":"2022-02-23T10:10:58.218Z"}
error: 
    status - 500 
    message - TypeError: Cannot read property 'create' of undefined
    at _callee$ (/home/smita/RegisterUser/userRegistrationNlogin/src/services/note.service.js:8:29)
    at tryCatch (/home/smita/RegisterUser/userRegistrationNlogin/node_modules/regenerator-runtime/runtime.js:63:40)
    at Generator.invoke [as _invoke] (/home/smita/RegisterUser/userRegistrationNlogin/node_modules/regenerator-runtime/runtime.js:294:22)
    at Generator.next (/home/smita/RegisterUser/userRegistrationNlogin/node_modules/regenerator-runtime/runtime.js:119:21)
    at asyncGeneratorStep (/home/smita/RegisterUser/userRegistrationNlogin/node_modules/@babel/runtime/helpers/asyncToGenerator.js:3:24)
    at _next (/home/smita/RegisterUser/userRegistrationNlogin/node_modules/@babel/runtime/helpers/asyncToGenerator.js:25:9)
    at /home/smita/RegisterUser/userRegistrationNlogin/node_modules/@babel/runtime/helpers/asyncToGenerator.js:32:7
    at new Promise (<anonymous>)
    at Object.<anonymous> (/home/smita/RegisterUser/userRegistrationNlogin/node_modules/@babel/runtime/helpers/asyncToGenerator.js:21:12)
    at Object.addNote (/home/smita/RegisterUser/userRegistrationNlogin/src/services/note.service.js:7:21) 
    url - /api/v1/note 
    method - POST 
    IP - ::1
   {"timestamp":"2022-02-23T10:10:59.407Z"}
info: Server started at http://localhost:3000/api/v1/ {"timestamp":"2022-02-23T10:12:39.895Z"}
info: Connected to the database. {"timestamp":"2022-02-23T10:12:39.919Z"}
error: 
    status - 500 
    message - TypeError: Cannot read property 'create' of undefined
    at _callee$ (/home/smita/RegisterUser/userRegistrationNlogin/src/services/note.service.js:8:29)
    at tryCatch (/home/smita/RegisterUser/userRegistrationNlogin/node_modules/regenerator-runtime/runtime.js:63:40)
    at Generator.invoke [as _invoke] (/home/smita/RegisterUser/userRegistrationNlogin/node_modules/regenerator-runtime/runtime.js:294:22)
    at Generator.next (/home/smita/RegisterUser/userRegistrationNlogin/node_modules/regenerator-runtime/runtime.js:119:21)
    at asyncGeneratorStep (/home/smita/RegisterUser/userRegistrationNlogin/node_modules/@babel/runtime/helpers/asyncToGenerator.js:3:24)
    at _next (/home/smita/RegisterUser/userRegistrationNlogin/node_modules/@babel/runtime/helpers/asyncToGenerator.js:25:9)
    at /home/smita/RegisterUser/userRegistrationNlogin/node_modules/@babel/runtime/helpers/asyncToGenerator.js:32:7
    at new Promise (<anonymous>)
    at Object.<anonymous> (/home/smita/RegisterUser/userRegistrationNlogin/node_modules/@babel/runtime/helpers/asyncToGenerator.js:21:12)
    at Object.addNote (/home/smita/RegisterUser/userRegistrationNlogin/src/services/note.service.js:7:21) 
    url - /api/v1/note 
    method - POST 
    IP - ::1
   {"timestamp":"2022-02-23T10:12:43.515Z"}
info: Server started at http://localhost:3000/api/v1/ {"timestamp":"2022-02-23T10:55:44.786Z"}
info: Connected to the database. {"timestamp":"2022-02-23T10:55:44.837Z"}
info: Connected to the database. {"timestamp":"2022-02-23T10:55:44.859Z"}
info: Server started at http://localhost:3000/api/v1/ {"timestamp":"2022-02-23T10:56:00.241Z"}
info: Connected to the database. {"timestamp":"2022-02-23T10:56:00.272Z"}
info: Server started at http://localhost:3000/api/v1/ {"timestamp":"2022-02-23T10:56:08.801Z"}
info: Connected to the database. {"timestamp":"2022-02-23T10:56:08.833Z"}
info: Server started at http://localhost:3000/api/v1/ {"timestamp":"2022-02-23T10:56:19.705Z"}
info: Connected to the database. {"timestamp":"2022-02-23T10:56:19.763Z"}
info: Connected to the database. {"timestamp":"2022-02-23T10:56:19.968Z"}
info: Server started at http://localhost:3000/api/v1/ {"timestamp":"2022-02-23T11:02:44.515Z"}
info: Connected to the database. {"timestamp":"2022-02-23T11:02:44.542Z"}
info: Server started at http://localhost:3000/api/v1/ {"timestamp":"2022-02-23T11:04:08.063Z"}
info: Connected to the database. {"timestamp":"2022-02-23T11:04:08.097Z"}
error: 
    status - 500 
    message - JsonWebTokenError: invalid signature
    at /home/smita/RegisterUser/userRegistrationNlogin/node_modules/jsonwebtoken/verify.js:133:19
    at getSecret (/home/smita/RegisterUser/userRegistrationNlogin/node_modules/jsonwebtoken/verify.js:90:14)
    at Object.verify (/home/smita/RegisterUser/userRegistrationNlogin/node_modules/jsonwebtoken/verify.js:94:10)
    at _callee$ (/home/smita/RegisterUser/userRegistrationNlogin/src/middlewares/auth.middleware.js:22:32)
    at tryCatch (/home/smita/RegisterUser/userRegistrationNlogin/node_modules/regenerator-runtime/runtime.js:63:40)
    at Generator.invoke [as _invoke] (/home/smita/RegisterUser/userRegistrationNlogin/node_modules/regenerator-runtime/runtime.js:294:22)
    at Generator.next (/home/smita/RegisterUser/userRegistrationNlogin/node_modules/regenerator-runtime/runtime.js:119:21)
    at asyncGeneratorStep (/home/smita/RegisterUser/userRegistrationNlogin/node_modules/@babel/runtime/helpers/asyncToGenerator.js:3:24)
    at _next (/home/smita/RegisterUser/userRegistrationNlogin/node_modules/@babel/runtime/helpers/asyncToGenerator.js:25:9)
    at /home/smita/RegisterUser/userRegistrationNlogin/node_modules/@babel/runtime/helpers/asyncToGenerator.js:32:7 
    url - /api/v1/note 
    method - POST 
    IP - ::1
   {"timestamp":"2022-02-23T11:04:08.732Z"}
info: Server started at http://localhost:3000/api/v1/ {"timestamp":"2022-02-23T11:04:41.471Z"}
info: Connected to the database. {"timestamp":"2022-02-23T11:04:41.527Z"}
error: 
    status - 500 
    message - JsonWebTokenError: invalid signature
    at /home/smita/RegisterUser/userRegistrationNlogin/node_modules/jsonwebtoken/verify.js:133:19
    at getSecret (/home/smita/RegisterUser/userRegistrationNlogin/node_modules/jsonwebtoken/verify.js:90:14)
    at Object.verify (/home/smita/RegisterUser/userRegistrationNlogin/node_modules/jsonwebtoken/verify.js:94:10)
    at _callee$ (/home/smita/RegisterUser/userRegistrationNlogin/src/middlewares/auth.middleware.js:23:32)
    at tryCatch (/home/smita/RegisterUser/userRegistrationNlogin/node_modules/regenerator-runtime/runtime.js:63:40)
    at Generator.invoke [as _invoke] (/home/smita/RegisterUser/userRegistrationNlogin/node_modules/regenerator-runtime/runtime.js:294:22)
    at Generator.next (/home/smita/RegisterUser/userRegistrationNlogin/node_modules/regenerator-runtime/runtime.js:119:21)
    at asyncGeneratorStep (/home/smita/RegisterUser/userRegistrationNlogin/node_modules/@babel/runtime/helpers/asyncToGenerator.js:3:24)
    at _next (/home/smita/RegisterUser/userRegistrationNlogin/node_modules/@babel/runtime/helpers/asyncToGenerator.js:25:9)
    at /home/smita/RegisterUser/userRegistrationNlogin/node_modules/@babel/runtime/helpers/asyncToGenerator.js:32:7 
    url - /api/v1/note 
    method - POST 
    IP - ::1
   {"timestamp":"2022-02-23T11:04:45.819Z"}
info: Server started at http://localhost:3000/api/v1/ {"timestamp":"2022-02-23T11:05:53.757Z"}
info: Connected to the database. {"timestamp":"2022-02-23T11:05:53.803Z"}
info: Connected to the database. {"timestamp":"2022-02-23T11:05:53.841Z"}
info: Server started at http://localhost:3000/api/v1/ {"timestamp":"2022-02-23T11:07:10.861Z"}
info: Connected to the database. {"timestamp":"2022-02-23T11:07:10.894Z"}
info: Server started at http://localhost:3000/api/v1/ {"timestamp":"2022-02-23T11:07:21.031Z"}
info: Connected to the database. {"timestamp":"2022-02-23T11:07:21.086Z"}
info: Server started at http://localhost:4000/api/v1/ {"timestamp":"2022-02-23T11:08:57.488Z"}
info: Connected to the database. {"timestamp":"2022-02-23T11:08:57.520Z"}
info: Server started at http://localhost:4000/api/v1/ {"timestamp":"2022-02-23T11:10:26.180Z"}
info: Connected to the database. {"timestamp":"2022-02-23T11:10:26.296Z"}
info: Server started at http://localhost:4000/api/v1/ {"timestamp":"2022-02-23T11:11:08.392Z"}
info: Connected to the database. {"timestamp":"2022-02-23T11:11:08.468Z"}
info: Connected to the database. {"timestamp":"2022-02-23T11:11:09.080Z"}
error: 
    status - 500 
    message - Error: "token" is not allowed
    at new exports.ValidationError (/home/smita/RegisterUser/userRegistrationNlogin/node_modules/@hapi/joi/lib/errors.js:246:9)
    at Object.exports.process (/home/smita/RegisterUser/userRegistrationNlogin/node_modules/@hapi/joi/lib/errors.js:189:29)
    at Object.internals.entry (/home/smita/RegisterUser/userRegistrationNlogin/node_modules/@hapi/joi/lib/validator.js:140:26)
    at Object.exports.entry (/home/smita/RegisterUser/userRegistrationNlogin/node_modules/@hapi/joi/lib/validator.js:26:30)
    at internals.Base.validate (/home/smita/RegisterUser/userRegistrationNlogin/node_modules/@hapi/joi/lib/base.js:534:26)
    at noteValidator (/home/smita/RegisterUser/userRegistrationNlogin/src/validators/user.validator.js:25:35)
    at Layer.handle [as handle_request] (/home/smita/RegisterUser/userRegistrationNlogin/node_modules/express/lib/router/layer.js:95:5)
    at next (/home/smita/RegisterUser/userRegistrationNlogin/node_modules/express/lib/router/route.js:137:13) 
    url - /api/v1/note 
    method - POST 
    IP - ::1
   {"timestamp":"2022-02-23T11:11:09.546Z"}
info: Server started at http://localhost:4000/api/v1/ {"timestamp":"2022-02-23T11:11:56.538Z"}
info: Connected to the database. {"timestamp":"2022-02-23T11:11:56.596Z"}
info: Connected to the database. {"timestamp":"2022-02-23T11:11:56.706Z"}
info: Server started at http://localhost:4000/api/v1/ {"timestamp":"2022-02-23T11:12:25.303Z"}
info: Connected to the database. {"timestamp":"2022-02-23T11:12:25.338Z"}
info: Server started at http://localhost:4000/api/v1/ {"timestamp":"2022-02-23T11:12:33.759Z"}
info: Connected to the database. {"timestamp":"2022-02-23T11:12:33.791Z"}
info: Server started at http://localhost:4000/api/v1/ {"timestamp":"2022-02-23T11:13:27.418Z"}
info: Connected to the database. {"timestamp":"2022-02-23T11:13:27.534Z"}
info: Connected to the database. {"timestamp":"2022-02-23T11:13:29.134Z"}
info: Server started at http://localhost:4000/api/v1/ {"timestamp":"2022-02-23T11:13:36.945Z"}
info: Connected to the database. {"timestamp":"2022-02-23T11:13:36.981Z"}
info: Server started at http://localhost:4000/api/v1/ {"timestamp":"2022-02-23T11:13:56.834Z"}
info: Connected to the database. {"timestamp":"2022-02-23T11:13:56.872Z"}
error: 
    status - 500 
    message - TypeError: Cannot read property '_id' of undefined
    at _callee$ (/home/smita/RegisterUser/userRegistrationNlogin/src/middlewares/auth.middleware.js:27:30)
    at tryCatch (/home/smita/RegisterUser/userRegistrationNlogin/node_modules/regenerator-runtime/runtime.js:63:40)
    at Generator.invoke [as _invoke] (/home/smita/RegisterUser/userRegistrationNlogin/node_modules/regenerator-runtime/runtime.js:294:22)
    at Generator.next (/home/smita/RegisterUser/userRegistrationNlogin/node_modules/regenerator-runtime/runtime.js:119:21)
    at asyncGeneratorStep (/home/smita/RegisterUser/userRegistrationNlogin/node_modules/@babel/runtime/helpers/asyncToGenerator.js:3:24)
    at _next (/home/smita/RegisterUser/userRegistrationNlogin/node_modules/@babel/runtime/helpers/asyncToGenerator.js:25:9)
    at processTicksAndRejections (internal/process/task_queues.js:95:5) 
    url - /api/v1/note 
    method - POST 
    IP - ::1
   {"timestamp":"2022-02-23T11:14:00.772Z"}
info: Server started at http://localhost:4000/api/v1/ {"timestamp":"2022-02-23T11:14:41.030Z"}
info: Connected to the database. {"timestamp":"2022-02-23T11:14:41.128Z"}
info: Connected to the database. {"timestamp":"2022-02-23T11:14:41.272Z"}
info: Server started at http://localhost:4000/api/v1/ {"timestamp":"2022-02-23T11:14:47.919Z"}
info: Connected to the database. {"timestamp":"2022-02-23T11:14:47.954Z"}
error: 
    status - 500 
    message - TypeError: Cannot read property '_id' of undefined
    at _callee$ (/home/smita/RegisterUser/userRegistrationNlogin/src/middlewares/auth.middleware.js:28:30)
    at tryCatch (/home/smita/RegisterUser/userRegistrationNlogin/node_modules/regenerator-runtime/runtime.js:63:40)
    at Generator.invoke [as _invoke] (/home/smita/RegisterUser/userRegistrationNlogin/node_modules/regenerator-runtime/runtime.js:294:22)
    at Generator.next (/home/smita/RegisterUser/userRegistrationNlogin/node_modules/regenerator-runtime/runtime.js:119:21)
    at asyncGeneratorStep (/home/smita/RegisterUser/userRegistrationNlogin/node_modules/@babel/runtime/helpers/asyncToGenerator.js:3:24)
    at _next (/home/smita/RegisterUser/userRegistrationNlogin/node_modules/@babel/runtime/helpers/asyncToGenerator.js:25:9)
    at processTicksAndRejections (internal/process/task_queues.js:95:5) 
    url - /api/v1/note 
    method - POST 
    IP - ::1
   {"timestamp":"2022-02-23T11:14:52.435Z"}
info: Server started at http://localhost:4000/api/v1/ {"timestamp":"2022-02-23T11:24:01.906Z"}
info: Connected to the database. {"timestamp":"2022-02-23T11:24:02.070Z"}
info: Connected to the database. {"timestamp":"2022-02-23T11:24:02.091Z"}
info: Server started at http://localhost:4000/api/v1/ {"timestamp":"2022-02-23T11:24:56.149Z"}
info: Connected to the database. {"timestamp":"2022-02-23T11:24:56.183Z"}
info: Server started at http://localhost:4000/api/v1/ {"timestamp":"2022-02-23T11:25:20.391Z"}
info: Connected to the database. {"timestamp":"2022-02-23T11:25:20.542Z"}
info: Connected to the database. {"timestamp":"2022-02-23T11:25:20.653Z"}
info: Server started at http://localhost:4000/api/v1/ {"timestamp":"2022-02-23T11:25:28.871Z"}
info: Connected to the database. {"timestamp":"2022-02-23T11:25:28.909Z"}
info: Server started at http://localhost:4000/api/v1/ {"timestamp":"2022-02-23T11:25:38.633Z"}
info: Connected to the database. {"timestamp":"2022-02-23T11:25:38.671Z"}
info: Server started at http://localhost:4000/api/v1/ {"timestamp":"2022-02-23T11:30:05.482Z"}
info: Connected to the database. {"timestamp":"2022-02-23T11:30:05.552Z"}
info: Server started at http://localhost:4000/api/v1/ {"timestamp":"2022-02-23T11:30:24.905Z"}
info: Connected to the database. {"timestamp":"2022-02-23T11:30:25.015Z"}
info: Server started at http://localhost:4000/api/v1/ {"timestamp":"2022-02-23T11:31:35.699Z"}
info: Connected to the database. {"timestamp":"2022-02-23T11:31:35.836Z"}
info: Connected to the database. {"timestamp":"2022-02-23T11:31:36.611Z"}
info: Server started at http://localhost:4000/api/v1/ {"timestamp":"2022-02-23T11:31:44.824Z"}
info: Connected to the database. {"timestamp":"2022-02-23T11:31:44.893Z"}
info: Server started at http://localhost:4000/api/v1/ {"timestamp":"2022-02-23T11:35:48.643Z"}
info: Connected to the database. {"timestamp":"2022-02-23T11:35:48.715Z"}
info: Server started at http://localhost:4000/api/v1/ {"timestamp":"2022-02-23T11:36:28.820Z"}
info: Connected to the database. {"timestamp":"2022-02-23T11:36:28.932Z"}
info: Connected to the database. {"timestamp":"2022-02-23T11:36:29.309Z"}
info: Server started at http://localhost:4000/api/v1/ {"timestamp":"2022-02-23T11:36:41.627Z"}
info: Connected to the database. {"timestamp":"2022-02-23T11:36:41.666Z"}
info: Server started at http://localhost:4000/api/v1/ {"timestamp":"2022-02-23T11:37:57.360Z"}
info: Connected to the database. {"timestamp":"2022-02-23T11:37:57.527Z"}
info: Server started at http://localhost:4000/api/v1/ {"timestamp":"2022-02-23T11:39:43.121Z"}
info: Connected to the database. {"timestamp":"2022-02-23T11:39:43.263Z"}
info: Connected to the database. {"timestamp":"2022-02-23T11:39:45.265Z"}
info: Server started at http://localhost:4000/api/v1/ {"timestamp":"2022-02-23T11:39:51.747Z"}
info: Connected to the database. {"timestamp":"2022-02-23T11:39:51.811Z"}
info: Server started at http://localhost:4000/api/v1/ {"timestamp":"2022-02-23T11:40:01.679Z"}
info: Connected to the database. {"timestamp":"2022-02-23T11:40:01.733Z"}
info: Server started at http://localhost:4000/api/v1/ {"timestamp":"2022-02-23T11:44:48.850Z"}
info: Connected to the database. {"timestamp":"2022-02-23T11:44:49.507Z"}
info: Server started at http://localhost:4000/api/v1/ {"timestamp":"2022-02-23T11:45:10.903Z"}
info: Connected to the database. {"timestamp":"2022-02-23T11:45:11.234Z"}
info: Server started at http://localhost:4000/api/v1/ {"timestamp":"2022-02-23T11:45:19.487Z"}
info: Connected to the database. {"timestamp":"2022-02-23T11:45:19.534Z"}
error: 
    status - 500 
    message - TypeError: Cannot read property 'id' of undefined
    at _callee$ (/home/smita/RegisterUser/userRegistrationNlogin/src/controllers/note.controller.js:50:31)
    at tryCatch (/home/smita/RegisterUser/userRegistrationNlogin/node_modules/regenerator-runtime/runtime.js:63:40)
    at Generator.invoke [as _invoke] (/home/smita/RegisterUser/userRegistrationNlogin/node_modules/regenerator-runtime/runtime.js:294:22)
    at Generator.next (/home/smita/RegisterUser/userRegistrationNlogin/node_modules/regenerator-runtime/runtime.js:119:21)
    at asyncGeneratorStep (/home/smita/RegisterUser/userRegistrationNlogin/node_modules/@babel/runtime/helpers/asyncToGenerator.js:3:24)
    at _next (/home/smita/RegisterUser/userRegistrationNlogin/node_modules/@babel/runtime/helpers/asyncToGenerator.js:25:9)
    at /home/smita/RegisterUser/userRegistrationNlogin/node_modules/@babel/runtime/helpers/asyncToGenerator.js:32:7
    at new Promise (<anonymous>)
    at /home/smita/RegisterUser/userRegistrationNlogin/node_modules/@babel/runtime/helpers/asyncToGenerator.js:21:12
    at addNote (/home/smita/RegisterUser/userRegistrationNlogin/src/controllers/note.controller.js:48:21) 
    url - /api/v1/note 
    method - POST 
    IP - ::1
   {"timestamp":"2022-02-23T11:45:26.604Z"}
error: 
    status - 500 
    message - TypeError: Cannot read property 'id' of undefined
    at _callee$ (/home/smita/RegisterUser/userRegistrationNlogin/src/controllers/note.controller.js:50:31)
    at tryCatch (/home/smita/RegisterUser/userRegistrationNlogin/node_modules/regenerator-runtime/runtime.js:63:40)
    at Generator.invoke [as _invoke] (/home/smita/RegisterUser/userRegistrationNlogin/node_modules/regenerator-runtime/runtime.js:294:22)
    at Generator.next (/home/smita/RegisterUser/userRegistrationNlogin/node_modules/regenerator-runtime/runtime.js:119:21)
    at asyncGeneratorStep (/home/smita/RegisterUser/userRegistrationNlogin/node_modules/@babel/runtime/helpers/asyncToGenerator.js:3:24)
    at _next (/home/smita/RegisterUser/userRegistrationNlogin/node_modules/@babel/runtime/helpers/asyncToGenerator.js:25:9)
    at /home/smita/RegisterUser/userRegistrationNlogin/node_modules/@babel/runtime/helpers/asyncToGenerator.js:32:7
    at new Promise (<anonymous>)
    at /home/smita/RegisterUser/userRegistrationNlogin/node_modules/@babel/runtime/helpers/asyncToGenerator.js:21:12
    at addNote (/home/smita/RegisterUser/userRegistrationNlogin/src/controllers/note.controller.js:48:21) 
    url - /api/v1/note 
    method - POST 
    IP - ::1
   {"timestamp":"2022-02-23T11:49:07.149Z"}
info: Server started at http://localhost:4000/api/v1/ {"timestamp":"2022-02-23T11:50:01.605Z"}
info: Connected to the database. {"timestamp":"2022-02-23T11:50:02.338Z"}
info: Connected to the database. {"timestamp":"2022-02-23T11:50:02.348Z"}
info: Server started at http://localhost:4000/api/v1/ {"timestamp":"2022-02-23T12:31:03.891Z"}
info: Connected to the database. {"timestamp":"2022-02-23T12:31:03.929Z"}
info: Connected to the database. {"timestamp":"2022-02-23T12:32:24.457Z"}
info: Connected to the database. {"timestamp":"2022-02-23T12:32:31.997Z"}
info: Server started at http://localhost:4000/api/v1/ {"timestamp":"2022-02-23T12:32:36.880Z"}
info: Connected to the database. {"timestamp":"2022-02-23T12:32:36.915Z"}
info: Connected to the database. {"timestamp":"2022-02-23T12:33:19.500Z"}
info: Connected to the database. {"timestamp":"2022-02-23T12:34:40.593Z"}
info: Connected to the database. {"timestamp":"2022-02-23T12:35:06.884Z"}
info: Connected to the database. {"timestamp":"2022-02-23T12:35:56.725Z"}
info: Connected to the database. {"timestamp":"2022-02-23T12:36:13.164Z"}
