info: Server started at http://localhost:8000/api/v1/ {"timestamp":"2022-02-25T10:15:37.206Z"}
info: Connected to the database. {"timestamp":"2022-02-25T10:15:37.241Z"}
error: 
    status - 500 
    message - TypeError: NoteService.getAllNotes is not a function
    at _callee2$ (/home/smita/RegisterUser/userRegistrationNlogin/build/controllers/note.controller.js:81:32)
    at tryCatch (/home/smita/RegisterUser/userRegistrationNlogin/node_modules/regenerator-runtime/runtime.js:63:40)
    at Generator.invoke [as _invoke] (/home/smita/RegisterUser/userRegistrationNlogin/node_modules/regenerator-runtime/runtime.js:294:22)
    at Generator.next (/home/smita/RegisterUser/userRegistrationNlogin/node_modules/regenerator-runtime/runtime.js:119:21)
    at asyncGeneratorStep (/home/smita/RegisterUser/userRegistrationNlogin/node_modules/@babel/runtime/helpers/asyncToGenerator.js:3:24)
    at _next (/home/smita/RegisterUser/userRegistrationNlogin/node_modules/@babel/runtime/helpers/asyncToGenerator.js:25:9)
    at /home/smita/RegisterUser/userRegistrationNlogin/node_modules/@babel/runtime/helpers/asyncToGenerator.js:32:7
    at new Promise (<anonymous>)
    at /home/smita/RegisterUser/userRegistrationNlogin/node_modules/@babel/runtime/helpers/asyncToGenerator.js:21:12
    at getAllNotes (/home/smita/RegisterUser/userRegistrationNlogin/build/controllers/note.controller.js:107:18)
    at Layer.handle [as handle_request] (/home/smita/RegisterUser/userRegistrationNlogin/node_modules/express/lib/router/layer.js:95:5)
    at next (/home/smita/RegisterUser/userRegistrationNlogin/node_modules/express/lib/router/route.js:137:13)
    at /home/smita/RegisterUser/userRegistrationNlogin/build/middlewares/auth.middleware.js:60:17
    at /home/smita/RegisterUser/userRegistrationNlogin/node_modules/jsonwebtoken/verify.js:223:12
    at getSecret (/home/smita/RegisterUser/userRegistrationNlogin/node_modules/jsonwebtoken/verify.js:90:14)
    at Object.module.exports [as verify] (/home/smita/RegisterUser/userRegistrationNlogin/node_modules/jsonwebtoken/verify.js:94:10) 
    url - /api/v1/note 
    method - GET 
    IP - ::1
   {"timestamp":"2022-02-25T10:15:50.885Z"}
error: 
    status - 500 
    message - TypeError: NoteService.getAllNotes is not a function
    at _callee2$ (/home/smita/RegisterUser/userRegistrationNlogin/build/controllers/note.controller.js:81:32)
    at tryCatch (/home/smita/RegisterUser/userRegistrationNlogin/node_modules/regenerator-runtime/runtime.js:63:40)
    at Generator.invoke [as _invoke] (/home/smita/RegisterUser/userRegistrationNlogin/node_modules/regenerator-runtime/runtime.js:294:22)
    at Generator.next (/home/smita/RegisterUser/userRegistrationNlogin/node_modules/regenerator-runtime/runtime.js:119:21)
    at asyncGeneratorStep (/home/smita/RegisterUser/userRegistrationNlogin/node_modules/@babel/runtime/helpers/asyncToGenerator.js:3:24)
    at _next (/home/smita/RegisterUser/userRegistrationNlogin/node_modules/@babel/runtime/helpers/asyncToGenerator.js:25:9)
    at /home/smita/RegisterUser/userRegistrationNlogin/node_modules/@babel/runtime/helpers/asyncToGenerator.js:32:7
    at new Promise (<anonymous>)
    at /home/smita/RegisterUser/userRegistrationNlogin/node_modules/@babel/runtime/helpers/asyncToGenerator.js:21:12
    at getAllNotes (/home/smita/RegisterUser/userRegistrationNlogin/build/controllers/note.controller.js:107:18)
    at Layer.handle [as handle_request] (/home/smita/RegisterUser/userRegistrationNlogin/node_modules/express/lib/router/layer.js:95:5)
    at next (/home/smita/RegisterUser/userRegistrationNlogin/node_modules/express/lib/router/route.js:137:13)
    at /home/smita/RegisterUser/userRegistrationNlogin/build/middlewares/auth.middleware.js:60:17
    at /home/smita/RegisterUser/userRegistrationNlogin/node_modules/jsonwebtoken/verify.js:223:12
    at getSecret (/home/smita/RegisterUser/userRegistrationNlogin/node_modules/jsonwebtoken/verify.js:90:14)
    at Object.module.exports [as verify] (/home/smita/RegisterUser/userRegistrationNlogin/node_modules/jsonwebtoken/verify.js:94:10) 
    url - /api/v1/note 
    method - GET 
    IP - ::1
   {"timestamp":"2022-02-25T10:17:05.503Z"}
info: Server started at http://localhost:8000/api/v1/ {"timestamp":"2022-02-25T10:17:29.045Z"}
info: Connected to the database. {"timestamp":"2022-02-25T10:17:29.078Z"}
info: Server started at http://localhost:8000/api/v1/ {"timestamp":"2022-02-25T10:29:36.543Z"}
info: Connected to the database. {"timestamp":"2022-02-25T10:29:36.575Z"}
info: Server started at http://localhost:8000/api/v1/ {"timestamp":"2022-02-25T10:30:22.760Z"}
info: Connected to the database. {"timestamp":"2022-02-25T10:30:22.785Z"}
info: Server started at http://localhost:8000/api/v1/ {"timestamp":"2022-02-25T10:31:38.834Z"}
info: Connected to the database. {"timestamp":"2022-02-25T10:31:38.853Z"}
info: Server started at http://localhost:8000/api/v1/ {"timestamp":"2022-02-25T10:45:42.666Z"}
info: Connected to the database. {"timestamp":"2022-02-25T10:45:42.693Z"}
error: 
    status - 500 
    message - ReferenceError: UserService is not defined
    at _callee4$ (/home/smita/RegisterUser/userRegistrationNlogin/src/controllers/note.controller.js:63:27)
    at tryCatch (/home/smita/RegisterUser/userRegistrationNlogin/node_modules/regenerator-runtime/runtime.js:63:40)
    at Generator.invoke [as _invoke] (/home/smita/RegisterUser/userRegistrationNlogin/node_modules/regenerator-runtime/runtime.js:294:22)
    at Generator.next (/home/smita/RegisterUser/userRegistrationNlogin/node_modules/regenerator-runtime/runtime.js:119:21)
    at asyncGeneratorStep (/home/smita/RegisterUser/userRegistrationNlogin/node_modules/@babel/runtime/helpers/asyncToGenerator.js:3:24)
    at _next (/home/smita/RegisterUser/userRegistrationNlogin/node_modules/@babel/runtime/helpers/asyncToGenerator.js:25:9)
    at /home/smita/RegisterUser/userRegistrationNlogin/node_modules/@babel/runtime/helpers/asyncToGenerator.js:32:7
    at new Promise (<anonymous>)
    at /home/smita/RegisterUser/userRegistrationNlogin/node_modules/@babel/runtime/helpers/asyncToGenerator.js:21:12
    at updateNote (/home/smita/RegisterUser/userRegistrationNlogin/src/controllers/note.controller.js:63:24) 
    url - /api/v1/note/621612d4838731e208d1edf0 
    method - PUT 
    IP - ::1
   {"timestamp":"2022-02-25T10:45:48.754Z"}
error: 
    status - 500 
    message - ReferenceError: UserService is not defined
    at _callee4$ (/home/smita/RegisterUser/userRegistrationNlogin/src/controllers/note.controller.js:63:27)
    at tryCatch (/home/smita/RegisterUser/userRegistrationNlogin/node_modules/regenerator-runtime/runtime.js:63:40)
    at Generator.invoke [as _invoke] (/home/smita/RegisterUser/userRegistrationNlogin/node_modules/regenerator-runtime/runtime.js:294:22)
    at Generator.next (/home/smita/RegisterUser/userRegistrationNlogin/node_modules/regenerator-runtime/runtime.js:119:21)
    at asyncGeneratorStep (/home/smita/RegisterUser/userRegistrationNlogin/node_modules/@babel/runtime/helpers/asyncToGenerator.js:3:24)
    at _next (/home/smita/RegisterUser/userRegistrationNlogin/node_modules/@babel/runtime/helpers/asyncToGenerator.js:25:9)
    at /home/smita/RegisterUser/userRegistrationNlogin/node_modules/@babel/runtime/helpers/asyncToGenerator.js:32:7
    at new Promise (<anonymous>)
    at /home/smita/RegisterUser/userRegistrationNlogin/node_modules/@babel/runtime/helpers/asyncToGenerator.js:21:12
    at updateNote (/home/smita/RegisterUser/userRegistrationNlogin/src/controllers/note.controller.js:63:24) 
    url - /api/v1/note/621612d4838731e208d1edf0 
    method - PUT 
    IP - ::1
   {"timestamp":"2022-02-25T10:46:12.509Z"}
info: Server started at http://localhost:8000/api/v1/ {"timestamp":"2022-02-25T10:46:18.128Z"}
info: Connected to the database. {"timestamp":"2022-02-25T10:46:18.150Z"}
info: Server started at http://localhost:8000/api/v1/ {"timestamp":"2022-02-25T10:46:22.419Z"}
info: Connected to the database. {"timestamp":"2022-02-25T10:46:22.450Z"}
error: 
    status - 500 
    message - Error: Cast to undefined failed for value undefined at path "undefined"
    at new MongooseError (/home/smita/RegisterUser/userRegistrationNlogin/node_modules/mongoose/lib/error/mongooseError.js:7:1)
    at new CastError (/home/smita/RegisterUser/userRegistrationNlogin/node_modules/mongoose/lib/error/cast.js:31:7)
    at model.Query.exec (/home/smita/RegisterUser/userRegistrationNlogin/node_modules/mongoose/lib/query.js:4498:21)
    at model.Query.Query.then (/home/smita/RegisterUser/userRegistrationNlogin/node_modules/mongoose/lib/query.js:4592:15)
    at processTicksAndRejections (internal/process/task_queues.js:95:5) 
    url - /api/v1/note/621612d4838731e208d1edf0 
    method - PUT 
    IP - ::1
   {"timestamp":"2022-02-25T10:46:25.276Z"}
info: Server started at http://localhost:8000/api/v1/ {"timestamp":"2022-02-25T10:47:23.673Z"}
info: Connected to the database. {"timestamp":"2022-02-25T10:47:23.699Z"}
info: Server started at http://localhost:8000/api/v1/ {"timestamp":"2022-02-25T10:47:47.980Z"}
info: Connected to the database. {"timestamp":"2022-02-25T10:47:48.004Z"}
info: Server started at http://localhost:8000/api/v1/ {"timestamp":"2022-02-25T10:49:06.642Z"}
info: Connected to the database. {"timestamp":"2022-02-25T10:49:06.666Z"}
info: Server started at http://localhost:8000/api/v1/ {"timestamp":"2022-02-25T10:56:18.278Z"}
info: Connected to the database. {"timestamp":"2022-02-25T10:56:18.322Z"}
info: Server started at http://localhost:8000/api/v1/ {"timestamp":"2022-02-25T11:41:41.525Z"}
info: Connected to the database. {"timestamp":"2022-02-25T11:41:41.556Z"}
