info: Server started at http://localhost:4000/api/v1/ {"timestamp":"2022-02-24T07:15:53.849Z"}
info: Connected to the database. {"timestamp":"2022-02-24T07:15:53.907Z"}
info: Server started at http://localhost:4000/api/v1/ {"timestamp":"2022-02-24T07:17:03.098Z"}
info: Connected to the database. {"timestamp":"2022-02-24T07:17:03.120Z"}
error: 
    status - 500 
    message - ReferenceError: verifiedTreoken is not defined
    at /home/smita/RegisterUser/userRegistrationNlogin/src/middlewares/auth.middleware.js:32:28
    at /home/smita/RegisterUser/userRegistrationNlogin/node_modules/jsonwebtoken/verify.js:223:12
    at getSecret (/home/smita/RegisterUser/userRegistrationNlogin/node_modules/jsonwebtoken/verify.js:90:14)
    at Object.verify (/home/smita/RegisterUser/userRegistrationNlogin/node_modules/jsonwebtoken/verify.js:94:10)
    at _callee$ (/home/smita/RegisterUser/userRegistrationNlogin/src/middlewares/auth.middleware.js:25:9)
    at tryCatch (/home/smita/RegisterUser/userRegistrationNlogin/node_modules/regenerator-runtime/runtime.js:63:40)
    at Generator.invoke [as _invoke] (/home/smita/RegisterUser/userRegistrationNlogin/node_modules/regenerator-runtime/runtime.js:294:22)
    at Generator.next (/home/smita/RegisterUser/userRegistrationNlogin/node_modules/regenerator-runtime/runtime.js:119:21)
    at asyncGeneratorStep (/home/smita/RegisterUser/userRegistrationNlogin/node_modules/@babel/runtime/helpers/asyncToGenerator.js:3:24)
    at _next (/home/smita/RegisterUser/userRegistrationNlogin/node_modules/@babel/runtime/helpers/asyncToGenerator.js:25:9) 
    url - /api/v1/note 
    method - POST 
    IP - ::1
   {"timestamp":"2022-02-24T07:17:15.144Z"}
info: Server started at http://localhost:4000/api/v1/ {"timestamp":"2022-02-24T07:17:48.312Z"}
info: Connected to the database. {"timestamp":"2022-02-24T07:17:48.346Z"}
info: Connected to the database. {"timestamp":"2022-02-24T07:18:01.290Z"}
info: Connected to the database. {"timestamp":"2022-02-24T07:19:24.351Z"}
info: Connected to the database. {"timestamp":"2022-02-24T07:19:39.739Z"}
info: Server started at http://localhost:8000/api/v1/ {"timestamp":"2022-02-24T07:20:02.530Z"}
info: Connected to the database. {"timestamp":"2022-02-24T07:20:02.562Z"}
info: Server started at http://localhost:8000/api/v1/ {"timestamp":"2022-02-24T07:21:13.639Z"}
info: Connected to the database. {"timestamp":"2022-02-24T07:21:13.689Z"}
info: Connected to the database. {"timestamp":"2022-02-24T07:21:13.844Z"}
info: Connected to the database. {"timestamp":"2022-02-24T07:21:13.948Z"}
info: Server started at http://localhost:8000/api/v1/ {"timestamp":"2022-02-24T07:21:36.164Z"}
info: Connected to the database. {"timestamp":"2022-02-24T07:21:36.200Z"}
info: Server started at http://localhost:8000/api/v1/ {"timestamp":"2022-02-24T07:21:44.930Z"}
info: Connected to the database. {"timestamp":"2022-02-24T07:21:44.963Z"}
info: Server started at http://localhost:8000/api/v1/ {"timestamp":"2022-02-24T07:22:21.564Z"}
info: Connected to the database. {"timestamp":"2022-02-24T07:22:21.608Z"}
info: Server started at http://localhost:8000/api/v1/ {"timestamp":"2022-02-24T07:24:10.585Z"}
info: Connected to the database. {"timestamp":"2022-02-24T07:24:10.626Z"}
info: Server started at http://localhost:8000/api/v1/ {"timestamp":"2022-02-24T07:24:36.433Z"}
info: Connected to the database. {"timestamp":"2022-02-24T07:24:36.471Z"}
info: Server started at http://localhost:8000/api/v1/ {"timestamp":"2022-02-24T07:26:45.328Z"}
info: Connected to the database. {"timestamp":"2022-02-24T07:26:45.377Z"}
info: Server started at http://localhost:8000/api/v1/ {"timestamp":"2022-02-24T07:27:54.930Z"}
info: Connected to the database. {"timestamp":"2022-02-24T07:27:54.974Z"}
info: Server started at http://localhost:8000/api/v1/ {"timestamp":"2022-02-24T07:28:43.231Z"}
info: Connected to the database. {"timestamp":"2022-02-24T07:28:43.290Z"}
info: Server started at http://localhost:8000/api/v1/ {"timestamp":"2022-02-24T07:29:03.734Z"}
info: Connected to the database. {"timestamp":"2022-02-24T07:29:03.776Z"}
info: Server started at http://localhost:8000/api/v1/ {"timestamp":"2022-02-24T07:30:45.534Z"}
error: Could not connect to the database. connection timed out {"reason":{"commonWireVersion":null,"compatibilityError":null,"compatible":true,"heartbeatFrequencyMS":10000,"localThresholdMS":15,"logicalSessionTimeoutMinutes":null,"maxElectionId":null,"maxSetVersion":null,"servers":{},"setName":null,"stale":false,"type":"Single"},"stack":"Error: \n    at new MongooseError (/home/smita/RegisterUser/userRegistrationNlogin/node_modules/mongoose/lib/error/mongooseError.js:7:1)\n    at new MongooseServerSelectionError (/home/smita/RegisterUser/userRegistrationNlogin/node_modules/mongoose/lib/error/serverSelection.js:26:1)\n    at NativeConnection.Connection.openUri (/home/smita/RegisterUser/userRegistrationNlogin/node_modules/mongoose/lib/connection.js:847:32)\n    at /home/smita/RegisterUser/userRegistrationNlogin/node_modules/mongoose/lib/index.js:351:10\n    at /home/smita/RegisterUser/userRegistrationNlogin/node_modules/mongoose/lib/helpers/promiseOrCallback.js:32:5\n    at new Promise (<anonymous>)\n    at promiseOrCallback (/home/smita/RegisterUser/userRegistrationNlogin/node_modules/mongoose/lib/helpers/promiseOrCallback.js:31:10)\n    at Mongoose._promiseOrCallback (/home/smita/RegisterUser/userRegistrationNlogin/node_modules/mongoose/lib/index.js:1149:10)","timestamp":"2022-02-24T07:31:13.947Z"}
info: Server started at http://localhost:8000/api/v1/ {"timestamp":"2022-02-24T07:31:17.340Z"}
info: Connected to the database. {"timestamp":"2022-02-24T07:31:17.389Z"}
info: Server started at http://localhost:8000/api/v1/ {"timestamp":"2022-02-24T07:31:57.635Z"}
info: Connected to the database. {"timestamp":"2022-02-24T07:31:57.764Z"}
info: Server started at http://localhost:8000/api/v1/ {"timestamp":"2022-02-24T07:32:10.154Z"}
info: Connected to the database. {"timestamp":"2022-02-24T07:32:10.201Z"}
info: Server started at http://localhost:8000/api/v1/ {"timestamp":"2022-02-24T07:32:40.698Z"}
info: Connected to the database. {"timestamp":"2022-02-24T07:32:40.739Z"}
info: Connected to the database. {"timestamp":"2022-02-24T07:33:13.417Z"}
info: Server started at http://localhost:8000/api/v1/ {"timestamp":"2022-02-24T07:33:53.166Z"}
info: Connected to the database. {"timestamp":"2022-02-24T07:33:53.212Z"}
info: Connected to the database. {"timestamp":"2022-02-24T07:33:54.231Z"}
info: Server started at http://localhost:8000/api/v1/ {"timestamp":"2022-02-24T07:35:14.982Z"}
info: Connected to the database. {"timestamp":"2022-02-24T07:35:15.074Z"}
info: Connected to the database. {"timestamp":"2022-02-24T07:35:16.005Z"}
info: Server started at http://localhost:8000/api/v1/ {"timestamp":"2022-02-24T07:40:38.005Z"}
info: Connected to the database. {"timestamp":"2022-02-24T07:40:38.371Z"}
info: Server started at http://localhost:8000/api/v1/ {"timestamp":"2022-02-24T07:41:35.050Z"}
info: Connected to the database. {"timestamp":"2022-02-24T07:41:35.235Z"}
info: Server started at http://localhost:8000/api/v1/ {"timestamp":"2022-02-24T07:41:39.008Z"}
info: Connected to the database. {"timestamp":"2022-02-24T07:41:39.122Z"}
info: Server started at http://localhost:8000/api/v1/ {"timestamp":"2022-02-24T08:47:39.979Z"}
info: Connected to the database. {"timestamp":"2022-02-24T08:47:40.058Z"}
info: Server started at http://localhost:8000/api/v1/ {"timestamp":"2022-02-24T08:53:29.350Z"}
info: Connected to the database. {"timestamp":"2022-02-24T08:53:33.855Z"}
info: Server started at http://localhost:8000/api/v1/ {"timestamp":"2022-02-24T09:13:56.280Z"}
info: Connected to the database. {"timestamp":"2022-02-24T09:13:56.366Z"}
error: 
    status - 500 
    message - ReferenceError: verifiedTreoken is not defined
    at /home/smita/RegisterUser/userRegistrationNlogin/build/middlewares/auth.middleware.js:56:36
    at /home/smita/RegisterUser/userRegistrationNlogin/node_modules/jsonwebtoken/verify.js:223:12
    at getSecret (/home/smita/RegisterUser/userRegistrationNlogin/node_modules/jsonwebtoken/verify.js:90:14)
    at Object.module.exports [as verify] (/home/smita/RegisterUser/userRegistrationNlogin/node_modules/jsonwebtoken/verify.js:94:10)
    at _callee$ (/home/smita/RegisterUser/userRegistrationNlogin/build/middlewares/auth.middleware.js:49:38)
    at tryCatch (/home/smita/RegisterUser/userRegistrationNlogin/node_modules/regenerator-runtime/runtime.js:63:40)
    at Generator.invoke [as _invoke] (/home/smita/RegisterUser/userRegistrationNlogin/node_modules/regenerator-runtime/runtime.js:294:22)
    at Generator.next (/home/smita/RegisterUser/userRegistrationNlogin/node_modules/regenerator-runtime/runtime.js:119:21)
    at asyncGeneratorStep (/home/smita/RegisterUser/userRegistrationNlogin/node_modules/@babel/runtime/helpers/asyncToGenerator.js:3:24)
    at _next (/home/smita/RegisterUser/userRegistrationNlogin/node_modules/@babel/runtime/helpers/asyncToGenerator.js:25:9)
    at /home/smita/RegisterUser/userRegistrationNlogin/node_modules/@babel/runtime/helpers/asyncToGenerator.js:32:7
    at new Promise (<anonymous>)
    at /home/smita/RegisterUser/userRegistrationNlogin/node_modules/@babel/runtime/helpers/asyncToGenerator.js:21:12
    at userAuth (/home/smita/RegisterUser/userRegistrationNlogin/build/middlewares/auth.middleware.js:78:17)
    at Layer.handle [as handle_request] (/home/smita/RegisterUser/userRegistrationNlogin/node_modules/express/lib/router/layer.js:95:5)
    at next (/home/smita/RegisterUser/userRegistrationNlogin/node_modules/express/lib/router/route.js:137:13) 
    url - /api/v1/note 
    method - POST 
    IP - ::1
   {"timestamp":"2022-02-24T11:57:58.023Z"}
info: Server started at http://localhost:8000/api/v1/ {"timestamp":"2022-02-24T11:58:50.066Z"}
info: Connected to the database. {"timestamp":"2022-02-24T11:58:50.097Z"}
error: 
    status - 500 
    message - TypeError: Cannot read property 'id' of undefined
    at _callee$ (/home/smita/RegisterUser/userRegistrationNlogin/src/controllers/note.controller.js:53:31)
    at tryCatch (/home/smita/RegisterUser/userRegistrationNlogin/node_modules/regenerator-runtime/runtime.js:63:40)
    at Generator.invoke [as _invoke] (/home/smita/RegisterUser/userRegistrationNlogin/node_modules/regenerator-runtime/runtime.js:294:22)
    at Generator.next (/home/smita/RegisterUser/userRegistrationNlogin/node_modules/regenerator-runtime/runtime.js:119:21)
    at asyncGeneratorStep (/home/smita/RegisterUser/userRegistrationNlogin/node_modules/@babel/runtime/helpers/asyncToGenerator.js:3:24)
    at _next (/home/smita/RegisterUser/userRegistrationNlogin/node_modules/@babel/runtime/helpers/asyncToGenerator.js:25:9)
    at /home/smita/RegisterUser/userRegistrationNlogin/node_modules/@babel/runtime/helpers/asyncToGenerator.js:32:7
    at new Promise (<anonymous>)
    at /home/smita/RegisterUser/userRegistrationNlogin/node_modules/@babel/runtime/helpers/asyncToGenerator.js:21:12
    at addNote (/home/smita/RegisterUser/userRegistrationNlogin/src/controllers/note.controller.js:48:21) 
    url - /api/v1/note 
    method - POST 
    IP - ::1
   {"timestamp":"2022-02-24T11:58:57.613Z"}
error: 
    status - 500 
    message - TypeError: Cannot read property 'id' of undefined
    at _callee$ (/home/smita/RegisterUser/userRegistrationNlogin/src/controllers/note.controller.js:53:31)
    at tryCatch (/home/smita/RegisterUser/userRegistrationNlogin/node_modules/regenerator-runtime/runtime.js:63:40)
    at Generator.invoke [as _invoke] (/home/smita/RegisterUser/userRegistrationNlogin/node_modules/regenerator-runtime/runtime.js:294:22)
    at Generator.next (/home/smita/RegisterUser/userRegistrationNlogin/node_modules/regenerator-runtime/runtime.js:119:21)
    at asyncGeneratorStep (/home/smita/RegisterUser/userRegistrationNlogin/node_modules/@babel/runtime/helpers/asyncToGenerator.js:3:24)
    at _next (/home/smita/RegisterUser/userRegistrationNlogin/node_modules/@babel/runtime/helpers/asyncToGenerator.js:25:9)
    at /home/smita/RegisterUser/userRegistrationNlogin/node_modules/@babel/runtime/helpers/asyncToGenerator.js:32:7
    at new Promise (<anonymous>)
    at /home/smita/RegisterUser/userRegistrationNlogin/node_modules/@babel/runtime/helpers/asyncToGenerator.js:21:12
    at addNote (/home/smita/RegisterUser/userRegistrationNlogin/src/controllers/note.controller.js:48:21) 
    url - /api/v1/note 
    method - POST 
    IP - ::1
   {"timestamp":"2022-02-24T11:59:02.154Z"}
info: Server started at http://localhost:8000/api/v1/ {"timestamp":"2022-02-24T11:59:30.807Z"}
info: Connected to the database. {"timestamp":"2022-02-24T11:59:30.836Z"}
info: Server started at http://localhost:8000/api/v1/ {"timestamp":"2022-02-24T11:59:39.447Z"}
info: Connected to the database. {"timestamp":"2022-02-24T11:59:39.490Z"}
info: Server started at http://localhost:8000/api/v1/ {"timestamp":"2022-02-24T12:02:30.668Z"}
info: Connected to the database. {"timestamp":"2022-02-24T12:02:30.702Z"}
info: Server started at http://localhost:8000/api/v1/ {"timestamp":"2022-02-24T13:23:54.279Z"}
info: Connected to the database. {"timestamp":"2022-02-24T13:23:54.346Z"}
info: Server started at http://localhost:8000/api/v1/ {"timestamp":"2022-02-24T13:24:09.021Z"}
info: Connected to the database. {"timestamp":"2022-02-24T13:24:09.050Z"}
info: Server started at http://localhost:8000/api/v1/ {"timestamp":"2022-02-24T13:25:13.531Z"}
info: Connected to the database. {"timestamp":"2022-02-24T13:25:13.565Z"}
info: Server started at http://localhost:8000/api/v1/ {"timestamp":"2022-02-24T13:25:40.018Z"}
info: Connected to the database. {"timestamp":"2022-02-24T13:25:40.056Z"}
info: Server started at http://localhost:8000/api/v1/ {"timestamp":"2022-02-24T13:26:53.871Z"}
info: Connected to the database. {"timestamp":"2022-02-24T13:26:53.894Z"}
info: Server started at http://localhost:8000/api/v1/ {"timestamp":"2022-02-24T13:27:31.070Z"}
info: Connected to the database. {"timestamp":"2022-02-24T13:27:31.104Z"}
