info: Server started at http://localhost:8000/api/v1/ {"timestamp":"2022-03-11T07:00:53.593Z"}
error: Could not connect to the reddis database. connect ECONNREFUSED 127.0.0.1:6379 {"address":"127.0.0.1","code":"ECONNREFUSED","errno":-111,"port":6379,"stack":"Error: connect ECONNREFUSED 127.0.0.1:6379\n    at TCPConnectWrap.afterConnect [as oncomplete] (net.js:1159:16)","syscall":"connect","timestamp":"2022-03-11T07:00:53.612Z"}
info: Connected to the database. {"timestamp":"2022-03-11T07:00:54.085Z"}
info: Server started at http://localhost:8000/api/v1/ {"timestamp":"2022-03-11T07:02:21.777Z"}
info: Connected to the  reddis database. {"timestamp":"2022-03-11T07:02:21.793Z"}
info: Connected to the database. {"timestamp":"2022-03-11T07:02:21.807Z"}
info: Server started at http://localhost:8000/api/v1/ {"timestamp":"2022-03-11T07:04:57.540Z"}
info: Connected to the  reddis database. {"timestamp":"2022-03-11T07:04:57.556Z"}
info: Connected to the database. {"timestamp":"2022-03-11T07:04:57.570Z"}
error: 
      status - 11000
      message - E11000 duplicate key error collection: UserDB.users index: email_1 dup key: { email: "smita.shinde317@gmail.com" } 
      url - /api/v1/users 
      method - POST 
      IP - ::1
     {"timestamp":"2022-03-11T07:05:02.974Z"}
error: 
    status - 500 
    message - RangeError [ERR_HTTP_INVALID_STATUS_CODE]: Invalid status code: 11000
    at new NodeError (internal/errors.js:322:7)
    at ServerResponse.writeHead (_http_server.js:259:11)
    at ServerResponse.writeHead (/home/smita/RegisterUser/userRegistrationNlogin/node_modules/on-headers/index.js:44:26)
    at ServerResponse._implicitHeader (_http_server.js:250:8)
    at write_ (_http_outgoing.js:711:9)
    at ServerResponse.end (_http_outgoing.js:825:5)
    at ServerResponse.send (/home/smita/RegisterUser/userRegistrationNlogin/node_modules/express/lib/response.js:221:10)
    at ServerResponse.json (/home/smita/RegisterUser/userRegistrationNlogin/node_modules/express/lib/response.js:267:15)
    at appErrorHandler (/home/smita/RegisterUser/userRegistrationNlogin/src/middlewares/error.middleware.js:36:26)
    at Layer.handle_error (/home/smita/RegisterUser/userRegistrationNlogin/node_modules/express/lib/router/layer.js:71:5) 
    url - /api/v1/users 
    method - POST 
    IP - ::1
   {"timestamp":"2022-03-11T07:05:03.025Z"}
info: Server started at http://localhost:8000/api/v1/ {"timestamp":"2022-03-11T07:10:53.817Z"}
info: Connected to the  reddis database. {"timestamp":"2022-03-11T07:10:53.833Z"}
info: Connected to the database. {"timestamp":"2022-03-11T07:10:53.846Z"}
info: Server started at http://localhost:8000/api/v1/ {"timestamp":"2022-03-11T07:13:24.429Z"}
info: Connected to the  reddis database. {"timestamp":"2022-03-11T07:13:24.452Z"}
info: Connected to the database. {"timestamp":"2022-03-11T07:13:24.467Z"}
error: 
    status - 500 
    message - TypeError: Cannot read property 'id' of undefined
    at _callee$ (/home/smita/RegisterUser/userRegistrationNlogin/src/controllers/note.controller.js:12:41)
    at tryCatch (/home/smita/RegisterUser/userRegistrationNlogin/node_modules/regenerator-runtime/runtime.js:63:40)
    at Generator.invoke [as _invoke] (/home/smita/RegisterUser/userRegistrationNlogin/node_modules/regenerator-runtime/runtime.js:294:22)
    at Generator.next (/home/smita/RegisterUser/userRegistrationNlogin/node_modules/regenerator-runtime/runtime.js:119:21)
    at asyncGeneratorStep (/home/smita/RegisterUser/userRegistrationNlogin/node_modules/@babel/runtime/helpers/asyncToGenerator.js:3:24)
    at _next (/home/smita/RegisterUser/userRegistrationNlogin/node_modules/@babel/runtime/helpers/asyncToGenerator.js:25:9)
    at /home/smita/RegisterUser/userRegistrationNlogin/node_modules/@babel/runtime/helpers/asyncToGenerator.js:32:7
    at new Promise (<anonymous>)
    at /home/smita/RegisterUser/userRegistrationNlogin/node_modules/@babel/runtime/helpers/asyncToGenerator.js:21:12
    at addNote (/home/smita/RegisterUser/userRegistrationNlogin/src/controllers/note.controller.js:10:21) 
    url - /api/v1//note 
    method - POST 
    IP - ::1
   {"timestamp":"2022-03-11T07:13:37.994Z"}
error: 
    status - 500 
    message - TypeError: Cannot read property 'id' of undefined
    at _callee$ (/home/smita/RegisterUser/userRegistrationNlogin/src/controllers/note.controller.js:12:41)
    at tryCatch (/home/smita/RegisterUser/userRegistrationNlogin/node_modules/regenerator-runtime/runtime.js:63:40)
    at Generator.invoke [as _invoke] (/home/smita/RegisterUser/userRegistrationNlogin/node_modules/regenerator-runtime/runtime.js:294:22)
    at Generator.next (/home/smita/RegisterUser/userRegistrationNlogin/node_modules/regenerator-runtime/runtime.js:119:21)
    at asyncGeneratorStep (/home/smita/RegisterUser/userRegistrationNlogin/node_modules/@babel/runtime/helpers/asyncToGenerator.js:3:24)
    at _next (/home/smita/RegisterUser/userRegistrationNlogin/node_modules/@babel/runtime/helpers/asyncToGenerator.js:25:9)
    at /home/smita/RegisterUser/userRegistrationNlogin/node_modules/@babel/runtime/helpers/asyncToGenerator.js:32:7
    at new Promise (<anonymous>)
    at /home/smita/RegisterUser/userRegistrationNlogin/node_modules/@babel/runtime/helpers/asyncToGenerator.js:21:12
    at addNote (/home/smita/RegisterUser/userRegistrationNlogin/src/controllers/note.controller.js:10:21) 
    url - /api/v1/note 
    method - POST 
    IP - ::1
   {"timestamp":"2022-03-11T07:13:48.321Z"}
info: Server started at http://localhost:8000/api/v1/ {"timestamp":"2022-03-11T07:14:26.712Z"}
info: Connected to the  reddis database. {"timestamp":"2022-03-11T07:14:26.732Z"}
info: Connected to the database. {"timestamp":"2022-03-11T07:14:26.748Z"}
info: Server started at http://localhost:8000/api/v1/ {"timestamp":"2022-03-11T07:16:08.065Z"}
info: Connected to the  reddis database. {"timestamp":"2022-03-11T07:16:08.081Z"}
info: Connected to the database. {"timestamp":"2022-03-11T07:16:08.097Z"}
